13:32:09 **** Build of configuration Debug for project lwip_webserver ****
make -r all 
Building file: ../lwip/src/netif/etharp.c
Invoking: MCU C Compiler
arm-none-eabi-gcc -D__MULTICORE_NONE -DDEBUG -D__CODE_RED -D__USE_LPCOPEN -D__REDLIB__ -DCORE_M4 -I"/home/pato/Embebidos/TpFinal/Workspaces/Workspace LPCOPEN/lpc_chip_43xx/inc" -I"/home/pato/Embebidos/TpFinal/Workspaces/Workspace LPCOPEN/lpc_board_nxp_lpcxpresso_4337/inc" -I"/home/pato/Embebidos/TpFinal/Workspaces/Workspace LPCOPEN/lwip_webserver/example/inc" -I"/home/pato/Embebidos/TpFinal/Workspaces/Workspace LPCOPEN/lwip_webserver/lwip/inc" -I"/home/pato/Embebidos/TpFinal/Workspaces/Workspace LPCOPEN/lwip_webserver/lwip/inc/ipv4" -I"/home/pato/Embebidos/TpFinal/Workspaces/Workspace LPCOPEN/lwip_webserver/fatfs/inc" -O0 -g3 -Wall -c -fmessage-length=0 -fno-builtin -ffunction-sections -fdata-sections -fsingle-precision-constant -mcpu=cortex-m4 -mfpu=fpv4-sp-d16 -mfloat-abi=softfp -mthumb -specs=redlib.specs -MMD -MP -MF"lwip/src/netif/etharp.d" -MT"lwip/src/netif/etharp.o" -MT"lwip/src/netif/etharp.d" -o "lwip/src/netif/etharp.o" "../lwip/src/netif/etharp.c"
Finished building: ../lwip/src/netif/etharp.c
 
Building file: ../lwip/src/netif/ethernetif.c
Invoking: MCU C Compiler
arm-none-eabi-gcc -D__MULTICORE_NONE -DDEBUG -D__CODE_RED -D__USE_LPCOPEN -D__REDLIB__ -DCORE_M4 -I"/home/pato/Embebidos/TpFinal/Workspaces/Workspace LPCOPEN/lpc_chip_43xx/inc" -I"/home/pato/Embebidos/TpFinal/Workspaces/Workspace LPCOPEN/lpc_board_nxp_lpcxpresso_4337/inc" -I"/home/pato/Embebidos/TpFinal/Workspaces/Workspace LPCOPEN/lwip_webserver/example/inc" -I"/home/pato/Embebidos/TpFinal/Workspaces/Workspace LPCOPEN/lwip_webserver/lwip/inc" -I"/home/pato/Embebidos/TpFinal/Workspaces/Workspace LPCOPEN/lwip_webserver/lwip/inc/ipv4" -I"/home/pato/Embebidos/TpFinal/Workspaces/Workspace LPCOPEN/lwip_webserver/fatfs/inc" -O0 -g3 -Wall -c -fmessage-length=0 -fno-builtin -ffunction-sections -fdata-sections -fsingle-precision-constant -mcpu=cortex-m4 -mfpu=fpv4-sp-d16 -mfloat-abi=softfp -mthumb -specs=redlib.specs -MMD -MP -MF"lwip/src/netif/ethernetif.d" -MT"lwip/src/netif/ethernetif.o" -MT"lwip/src/netif/ethernetif.d" -o "lwip/src/netif/ethernetif.o" "../lwip/src/netif/ethernetif.c"
Finished building: ../lwip/src/netif/ethernetif.c
 
Building file: ../lwip/src/core/ipv4/autoip.c
Invoking: MCU C Compiler
arm-none-eabi-gcc -D__MULTICORE_NONE -DDEBUG -D__CODE_RED -D__USE_LPCOPEN -D__REDLIB__ -DCORE_M4 -I"/home/pato/Embebidos/TpFinal/Workspaces/Workspace LPCOPEN/lpc_chip_43xx/inc" -I"/home/pato/Embebidos/TpFinal/Workspaces/Workspace LPCOPEN/lpc_board_nxp_lpcxpresso_4337/inc" -I"/home/pato/Embebidos/TpFinal/Workspaces/Workspace LPCOPEN/lwip_webserver/example/inc" -I"/home/pato/Embebidos/TpFinal/Workspaces/Workspace LPCOPEN/lwip_webserver/lwip/inc" -I"/home/pato/Embebidos/TpFinal/Workspaces/Workspace LPCOPEN/lwip_webserver/lwip/inc/ipv4" -I"/home/pato/Embebidos/TpFinal/Workspaces/Workspace LPCOPEN/lwip_webserver/fatfs/inc" -O0 -g3 -Wall -c -fmessage-length=0 -fno-builtin -ffunction-sections -fdata-sections -fsingle-precision-constant -mcpu=cortex-m4 -mfpu=fpv4-sp-d16 -mfloat-abi=softfp -mthumb -specs=redlib.specs -MMD -MP -MF"lwip/src/core/ipv4/autoip.d" -MT"lwip/src/core/ipv4/autoip.o" -MT"lwip/src/core/ipv4/autoip.d" -o "lwip/src/core/ipv4/autoip.o" "../lwip/src/core/ipv4/autoip.c"
Finished building: ../lwip/src/core/ipv4/autoip.c
 
Building file: ../lwip/src/core/ipv4/icmp.c
Invoking: MCU C Compiler
arm-none-eabi-gcc -D__MULTICORE_NONE -DDEBUG -D__CODE_RED -D__USE_LPCOPEN -D__REDLIB__ -DCORE_M4 -I"/home/pato/Embebidos/TpFinal/Workspaces/Workspace LPCOPEN/lpc_chip_43xx/inc" -I"/home/pato/Embebidos/TpFinal/Workspaces/Workspace LPCOPEN/lpc_board_nxp_lpcxpresso_4337/inc" -I"/home/pato/Embebidos/TpFinal/Workspaces/Workspace LPCOPEN/lwip_webserver/example/inc" -I"/home/pato/Embebidos/TpFinal/Workspaces/Workspace LPCOPEN/lwip_webserver/lwip/inc" -I"/home/pato/Embebidos/TpFinal/Workspaces/Workspace LPCOPEN/lwip_webserver/lwip/inc/ipv4" -I"/home/pato/Embebidos/TpFinal/Workspaces/Workspace LPCOPEN/lwip_webserver/fatfs/inc" -O0 -g3 -Wall -c -fmessage-length=0 -fno-builtin -ffunction-sections -fdata-sections -fsingle-precision-constant -mcpu=cortex-m4 -mfpu=fpv4-sp-d16 -mfloat-abi=softfp -mthumb -specs=redlib.specs -MMD -MP -MF"lwip/src/core/ipv4/icmp.d" -MT"lwip/src/core/ipv4/icmp.o" -MT"lwip/src/core/ipv4/icmp.d" -o "lwip/src/core/ipv4/icmp.o" "../lwip/src/core/ipv4/icmp.c"
Finished building: ../lwip/src/core/ipv4/icmp.c
 
Building file: ../lwip/src/core/ipv4/igmp.c
Invoking: MCU C Compiler
arm-none-eabi-gcc -D__MULTICORE_NONE -DDEBUG -D__CODE_RED -D__USE_LPCOPEN -D__REDLIB__ -DCORE_M4 -I"/home/pato/Embebidos/TpFinal/Workspaces/Workspace LPCOPEN/lpc_chip_43xx/inc" -I"/home/pato/Embebidos/TpFinal/Workspaces/Workspace LPCOPEN/lpc_board_nxp_lpcxpresso_4337/inc" -I"/home/pato/Embebidos/TpFinal/Workspaces/Workspace LPCOPEN/lwip_webserver/example/inc" -I"/home/pato/Embebidos/TpFinal/Workspaces/Workspace LPCOPEN/lwip_webserver/lwip/inc" -I"/home/pato/Embebidos/TpFinal/Workspaces/Workspace LPCOPEN/lwip_webserver/lwip/inc/ipv4" -I"/home/pato/Embebidos/TpFinal/Workspaces/Workspace LPCOPEN/lwip_webserver/fatfs/inc" -O0 -g3 -Wall -c -fmessage-length=0 -fno-builtin -ffunction-sections -fdata-sections -fsingle-precision-constant -mcpu=cortex-m4 -mfpu=fpv4-sp-d16 -mfloat-abi=softfp -mthumb -specs=redlib.specs -MMD -MP -MF"lwip/src/core/ipv4/igmp.d" -MT"lwip/src/core/ipv4/igmp.o" -MT"lwip/src/core/ipv4/igmp.d" -o "lwip/src/core/ipv4/igmp.o" "../lwip/src/core/ipv4/igmp.c"
Finished building: ../lwip/src/core/ipv4/igmp.c
 
Building file: ../lwip/src/core/ipv4/inet.c
Invoking: MCU C Compiler
arm-none-eabi-gcc -D__MULTICORE_NONE -DDEBUG -D__CODE_RED -D__USE_LPCOPEN -D__REDLIB__ -DCORE_M4 -I"/home/pato/Embebidos/TpFinal/Workspaces/Workspace LPCOPEN/lpc_chip_43xx/inc" -I"/home/pato/Embebidos/TpFinal/Workspaces/Workspace LPCOPEN/lpc_board_nxp_lpcxpresso_4337/inc" -I"/home/pato/Embebidos/TpFinal/Workspaces/Workspace LPCOPEN/lwip_webserver/example/inc" -I"/home/pato/Embebidos/TpFinal/Workspaces/Workspace LPCOPEN/lwip_webserver/lwip/inc" -I"/home/pato/Embebidos/TpFinal/Workspaces/Workspace LPCOPEN/lwip_webserver/lwip/inc/ipv4" -I"/home/pato/Embebidos/TpFinal/Workspaces/Workspace LPCOPEN/lwip_webserver/fatfs/inc" -O0 -g3 -Wall -c -fmessage-length=0 -fno-builtin -ffunction-sections -fdata-sections -fsingle-precision-constant -mcpu=cortex-m4 -mfpu=fpv4-sp-d16 -mfloat-abi=softfp -mthumb -specs=redlib.specs -MMD -MP -MF"lwip/src/core/ipv4/inet.d" -MT"lwip/src/core/ipv4/inet.o" -MT"lwip/src/core/ipv4/inet.d" -o "lwip/src/core/ipv4/inet.o" "../lwip/src/core/ipv4/inet.c"
Finished building: ../lwip/src/core/ipv4/inet.c
 
Building file: ../lwip/src/core/ipv4/inet_chksum.c
Invoking: MCU C Compiler
arm-none-eabi-gcc -D__MULTICORE_NONE -DDEBUG -D__CODE_RED -D__USE_LPCOPEN -D__REDLIB__ -DCORE_M4 -I"/home/pato/Embebidos/TpFinal/Workspaces/Workspace LPCOPEN/lpc_chip_43xx/inc" -I"/home/pato/Embebidos/TpFinal/Workspaces/Workspace LPCOPEN/lpc_board_nxp_lpcxpresso_4337/inc" -I"/home/pato/Embebidos/TpFinal/Workspaces/Workspace LPCOPEN/lwip_webserver/example/inc" -I"/home/pato/Embebidos/TpFinal/Workspaces/Workspace LPCOPEN/lwip_webserver/lwip/inc" -I"/home/pato/Embebidos/TpFinal/Workspaces/Workspace LPCOPEN/lwip_webserver/lwip/inc/ipv4" -I"/home/pato/Embebidos/TpFinal/Workspaces/Workspace LPCOPEN/lwip_webserver/fatfs/inc" -O0 -g3 -Wall -c -fmessage-length=0 -fno-builtin -ffunction-sections -fdata-sections -fsingle-precision-constant -mcpu=cortex-m4 -mfpu=fpv4-sp-d16 -mfloat-abi=softfp -mthumb -specs=redlib.specs -MMD -MP -MF"lwip/src/core/ipv4/inet_chksum.d" -MT"lwip/src/core/ipv4/inet_chksum.o" -MT"lwip/src/core/ipv4/inet_chksum.d" -o "lwip/src/core/ipv4/inet_chksum.o" "../lwip/src/core/ipv4/inet_chksum.c"
Finished building: ../lwip/src/core/ipv4/inet_chksum.c
 
Building file: ../lwip/src/core/ipv4/ip.c
Invoking: MCU C Compiler
arm-none-eabi-gcc -D__MULTICORE_NONE -DDEBUG -D__CODE_RED -D__USE_LPCOPEN -D__REDLIB__ -DCORE_M4 -I"/home/pato/Embebidos/TpFinal/Workspaces/Workspace LPCOPEN/lpc_chip_43xx/inc" -I"/home/pato/Embebidos/TpFinal/Workspaces/Workspace LPCOPEN/lpc_board_nxp_lpcxpresso_4337/inc" -I"/home/pato/Embebidos/TpFinal/Workspaces/Workspace LPCOPEN/lwip_webserver/example/inc" -I"/home/pato/Embebidos/TpFinal/Workspaces/Workspace LPCOPEN/lwip_webserver/lwip/inc" -I"/home/pato/Embebidos/TpFinal/Workspaces/Workspace LPCOPEN/lwip_webserver/lwip/inc/ipv4" -I"/home/pato/Embebidos/TpFinal/Workspaces/Workspace LPCOPEN/lwip_webserver/fatfs/inc" -O0 -g3 -Wall -c -fmessage-length=0 -fno-builtin -ffunction-sections -fdata-sections -fsingle-precision-constant -mcpu=cortex-m4 -mfpu=fpv4-sp-d16 -mfloat-abi=softfp -mthumb -specs=redlib.specs -MMD -MP -MF"lwip/src/core/ipv4/ip.d" -MT"lwip/src/core/ipv4/ip.o" -MT"lwip/src/core/ipv4/ip.d" -o "lwip/src/core/ipv4/ip.o" "../lwip/src/core/ipv4/ip.c"
In file included from /home/pato/Embebidos/TpFinal/Workspaces/Workspace LPCOPEN/lwip_webserver/lwip/inc/ipv4/lwip/ip.h:39:0,
                 from ../lwip/src/core/ipv4/ip.c:42:
../lwip/src/core/ipv4/ip.c: In function 'ip_input':
/home/pato/Embebidos/TpFinal/Workspaces/Workspace LPCOPEN/lwip_webserver/lwip/inc/ipv4/lwip/ip_addr.h:200:39: warning: the comparison will always evaluate as 'false' for the address of 'current_iphdr_src' will never be NULL [-Waddress]
 #define ip_addr_isany(addr1) ((addr1) == NULL || (addr1)->addr == IPADDR_ANY)
                                       ^
../lwip/src/core/ipv4/ip.c:473:24: note: in expansion of macro 'ip_addr_isany'
   if (check_ip_src && !ip_addr_isany(&current_iphdr_src))
                        ^
Finished building: ../lwip/src/core/ipv4/ip.c
 
Building file: ../lwip/src/core/ipv4/ip_addr.c
Invoking: MCU C Compiler
arm-none-eabi-gcc -D__MULTICORE_NONE -DDEBUG -D__CODE_RED -D__USE_LPCOPEN -D__REDLIB__ -DCORE_M4 -I"/home/pato/Embebidos/TpFinal/Workspaces/Workspace LPCOPEN/lpc_chip_43xx/inc" -I"/home/pato/Embebidos/TpFinal/Workspaces/Workspace LPCOPEN/lpc_board_nxp_lpcxpresso_4337/inc" -I"/home/pato/Embebidos/TpFinal/Workspaces/Workspace LPCOPEN/lwip_webserver/example/inc" -I"/home/pato/Embebidos/TpFinal/Workspaces/Workspace LPCOPEN/lwip_webserver/lwip/inc" -I"/home/pato/Embebidos/TpFinal/Workspaces/Workspace LPCOPEN/lwip_webserver/lwip/inc/ipv4" -I"/home/pato/Embebidos/TpFinal/Workspaces/Workspace LPCOPEN/lwip_webserver/fatfs/inc" -O0 -g3 -Wall -c -fmessage-length=0 -fno-builtin -ffunction-sections -fdata-sections -fsingle-precision-constant -mcpu=cortex-m4 -mfpu=fpv4-sp-d16 -mfloat-abi=softfp -mthumb -specs=redlib.specs -MMD -MP -MF"lwip/src/core/ipv4/ip_addr.d" -MT"lwip/src/core/ipv4/ip_addr.o" -MT"lwip/src/core/ipv4/ip_addr.d" -o "lwip/src/core/ipv4/ip_addr.o" "../lwip/src/core/ipv4/ip_addr.c"
Finished building: ../lwip/src/core/ipv4/ip_addr.c
 
Building file: ../lwip/src/core/ipv4/ip_frag.c
Invoking: MCU C Compiler
arm-none-eabi-gcc -D__MULTICORE_NONE -DDEBUG -D__CODE_RED -D__USE_LPCOPEN -D__REDLIB__ -DCORE_M4 -I"/home/pato/Embebidos/TpFinal/Workspaces/Workspace LPCOPEN/lpc_chip_43xx/inc" -I"/home/pato/Embebidos/TpFinal/Workspaces/Workspace LPCOPEN/lpc_board_nxp_lpcxpresso_4337/inc" -I"/home/pato/Embebidos/TpFinal/Workspaces/Workspace LPCOPEN/lwip_webserver/example/inc" -I"/home/pato/Embebidos/TpFinal/Workspaces/Workspace LPCOPEN/lwip_webserver/lwip/inc" -I"/home/pato/Embebidos/TpFinal/Workspaces/Workspace LPCOPEN/lwip_webserver/lwip/inc/ipv4" -I"/home/pato/Embebidos/TpFinal/Workspaces/Workspace LPCOPEN/lwip_webserver/fatfs/inc" -O0 -g3 -Wall -c -fmessage-length=0 -fno-builtin -ffunction-sections -fdata-sections -fsingle-precision-constant -mcpu=cortex-m4 -mfpu=fpv4-sp-d16 -mfloat-abi=softfp -mthumb -specs=redlib.specs -MMD -MP -MF"lwip/src/core/ipv4/ip_frag.d" -MT"lwip/src/core/ipv4/ip_frag.o" -MT"lwip/src/core/ipv4/ip_frag.d" -o "lwip/src/core/ipv4/ip_frag.o" "../lwip/src/core/ipv4/ip_frag.c"
Finished building: ../lwip/src/core/ipv4/ip_frag.c
 
Building file: ../lwip/src/core/def.c
Invoking: MCU C Compiler
arm-none-eabi-gcc -D__MULTICORE_NONE -DDEBUG -D__CODE_RED -D__USE_LPCOPEN -D__REDLIB__ -DCORE_M4 -I"/home/pato/Embebidos/TpFinal/Workspaces/Workspace LPCOPEN/lpc_chip_43xx/inc" -I"/home/pato/Embebidos/TpFinal/Workspaces/Workspace LPCOPEN/lpc_board_nxp_lpcxpresso_4337/inc" -I"/home/pato/Embebidos/TpFinal/Workspaces/Workspace LPCOPEN/lwip_webserver/example/inc" -I"/home/pato/Embebidos/TpFinal/Workspaces/Workspace LPCOPEN/lwip_webserver/lwip/inc" -I"/home/pato/Embebidos/TpFinal/Workspaces/Workspace LPCOPEN/lwip_webserver/lwip/inc/ipv4" -I"/home/pato/Embebidos/TpFinal/Workspaces/Workspace LPCOPEN/lwip_webserver/fatfs/inc" -O0 -g3 -Wall -c -fmessage-length=0 -fno-builtin -ffunction-sections -fdata-sections -fsingle-precision-constant -mcpu=cortex-m4 -mfpu=fpv4-sp-d16 -mfloat-abi=softfp -mthumb -specs=redlib.specs -MMD -MP -MF"lwip/src/core/def.d" -MT"lwip/src/core/def.o" -MT"lwip/src/core/def.d" -o "lwip/src/core/def.o" "../lwip/src/core/def.c"
Finished building: ../lwip/src/core/def.c
 
Building file: ../lwip/src/core/dhcp.c
Invoking: MCU C Compiler
arm-none-eabi-gcc -D__MULTICORE_NONE -DDEBUG -D__CODE_RED -D__USE_LPCOPEN -D__REDLIB__ -DCORE_M4 -I"/home/pato/Embebidos/TpFinal/Workspaces/Workspace LPCOPEN/lpc_chip_43xx/inc" -I"/home/pato/Embebidos/TpFinal/Workspaces/Workspace LPCOPEN/lpc_board_nxp_lpcxpresso_4337/inc" -I"/home/pato/Embebidos/TpFinal/Workspaces/Workspace LPCOPEN/lwip_webserver/example/inc" -I"/home/pato/Embebidos/TpFinal/Workspaces/Workspace LPCOPEN/lwip_webserver/lwip/inc" -I"/home/pato/Embebidos/TpFinal/Workspaces/Workspace LPCOPEN/lwip_webserver/lwip/inc/ipv4" -I"/home/pato/Embebidos/TpFinal/Workspaces/Workspace LPCOPEN/lwip_webserver/fatfs/inc" -O0 -g3 -Wall -c -fmessage-length=0 -fno-builtin -ffunction-sections -fdata-sections -fsingle-precision-constant -mcpu=cortex-m4 -mfpu=fpv4-sp-d16 -mfloat-abi=softfp -mthumb -specs=redlib.specs -MMD -MP -MF"lwip/src/core/dhcp.d" -MT"lwip/src/core/dhcp.o" -MT"lwip/src/core/dhcp.d" -o "lwip/src/core/dhcp.o" "../lwip/src/core/dhcp.c"
In file included from /home/pato/Embebidos/TpFinal/Workspaces/Workspace LPCOPEN/lwip_webserver/lwip/inc/lwip/netif.h:41:0,
                 from /home/pato/Embebidos/TpFinal/Workspaces/Workspace LPCOPEN/lwip_webserver/lwip/inc/lwip/udp.h:40,
                 from ../lwip/src/core/dhcp.c:75:
../lwip/src/core/dhcp.c: In function 'dhcp_bind':
/home/pato/Embebidos/TpFinal/Workspaces/Workspace LPCOPEN/lwip_webserver/lwip/inc/ipv4/lwip/ip_addr.h:200:39: warning: the comparison will always evaluate as 'false' for the address of 'gw_addr' will never be NULL [-Waddress]
 #define ip_addr_isany(addr1) ((addr1) == NULL || (addr1)->addr == IPADDR_ANY)
                                       ^
../lwip/src/core/dhcp.c:987:7: note: in expansion of macro 'ip_addr_isany'
   if (ip_addr_isany(&gw_addr)) {
       ^
Finished building: ../lwip/src/core/dhcp.c
 
Building file: ../lwip/src/core/dns.c
Invoking: MCU C Compiler
arm-none-eabi-gcc -D__MULTICORE_NONE -DDEBUG -D__CODE_RED -D__USE_LPCOPEN -D__REDLIB__ -DCORE_M4 -I"/home/pato/Embebidos/TpFinal/Workspaces/Workspace LPCOPEN/lpc_chip_43xx/inc" -I"/home/pato/Embebidos/TpFinal/Workspaces/Workspace LPCOPEN/lpc_board_nxp_lpcxpresso_4337/inc" -I"/home/pato/Embebidos/TpFinal/Workspaces/Workspace LPCOPEN/lwip_webserver/example/inc" -I"/home/pato/Embebidos/TpFinal/Workspaces/Workspace LPCOPEN/lwip_webserver/lwip/inc" -I"/home/pato/Embebidos/TpFinal/Workspaces/Workspace LPCOPEN/lwip_webserver/lwip/inc/ipv4" -I"/home/pato/Embebidos/TpFinal/Workspaces/Workspace LPCOPEN/lwip_webserver/fatfs/inc" -O0 -g3 -Wall -c -fmessage-length=0 -fno-builtin -ffunction-sections -fdata-sections -fsingle-precision-constant -mcpu=cortex-m4 -mfpu=fpv4-sp-d16 -mfloat-abi=softfp -mthumb -specs=redlib.specs -MMD -MP -MF"lwip/src/core/dns.d" -MT"lwip/src/core/dns.o" -MT"lwip/src/core/dns.d" -o "lwip/src/core/dns.o" "../lwip/src/core/dns.c"
Finished building: ../lwip/src/core/dns.c
 
Building file: ../lwip/src/core/init.c
Invoking: MCU C Compiler
arm-none-eabi-gcc -D__MULTICORE_NONE -DDEBUG -D__CODE_RED -D__USE_LPCOPEN -D__REDLIB__ -DCORE_M4 -I"/home/pato/Embebidos/TpFinal/Workspaces/Workspace LPCOPEN/lpc_chip_43xx/inc" -I"/home/pato/Embebidos/TpFinal/Workspaces/Workspace LPCOPEN/lpc_board_nxp_lpcxpresso_4337/inc" -I"/home/pato/Embebidos/TpFinal/Workspaces/Workspace LPCOPEN/lwip_webserver/example/inc" -I"/home/pato/Embebidos/TpFinal/Workspaces/Workspace LPCOPEN/lwip_webserver/lwip/inc" -I"/home/pato/Embebidos/TpFinal/Workspaces/Workspace LPCOPEN/lwip_webserver/lwip/inc/ipv4" -I"/home/pato/Embebidos/TpFinal/Workspaces/Workspace LPCOPEN/lwip_webserver/fatfs/inc" -O0 -g3 -Wall -c -fmessage-length=0 -fno-builtin -ffunction-sections -fdata-sections -fsingle-precision-constant -mcpu=cortex-m4 -mfpu=fpv4-sp-d16 -mfloat-abi=softfp -mthumb -specs=redlib.specs -MMD -MP -MF"lwip/src/core/init.d" -MT"lwip/src/core/init.o" -MT"lwip/src/core/init.d" -o "lwip/src/core/init.o" "../lwip/src/core/init.c"
Finished building: ../lwip/src/core/init.c
 
Building file: ../lwip/src/core/mem.c
Invoking: MCU C Compiler
arm-none-eabi-gcc -D__MULTICORE_NONE -DDEBUG -D__CODE_RED -D__USE_LPCOPEN -D__REDLIB__ -DCORE_M4 -I"/home/pato/Embebidos/TpFinal/Workspaces/Workspace LPCOPEN/lpc_chip_43xx/inc" -I"/home/pato/Embebidos/TpFinal/Workspaces/Workspace LPCOPEN/lpc_board_nxp_lpcxpresso_4337/inc" -I"/home/pato/Embebidos/TpFinal/Workspaces/Workspace LPCOPEN/lwip_webserver/example/inc" -I"/home/pato/Embebidos/TpFinal/Workspaces/Workspace LPCOPEN/lwip_webserver/lwip/inc" -I"/home/pato/Embebidos/TpFinal/Workspaces/Workspace LPCOPEN/lwip_webserver/lwip/inc/ipv4" -I"/home/pato/Embebidos/TpFinal/Workspaces/Workspace LPCOPEN/lwip_webserver/fatfs/inc" -O0 -g3 -Wall -c -fmessage-length=0 -fno-builtin -ffunction-sections -fdata-sections -fsingle-precision-constant -mcpu=cortex-m4 -mfpu=fpv4-sp-d16 -mfloat-abi=softfp -mthumb -specs=redlib.specs -MMD -MP -MF"lwip/src/core/mem.d" -MT"lwip/src/core/mem.o" -MT"lwip/src/core/mem.d" -o "lwip/src/core/mem.o" "../lwip/src/core/mem.c"
Finished building: ../lwip/src/core/mem.c
 
Building file: ../lwip/src/core/memp.c
Invoking: MCU C Compiler
arm-none-eabi-gcc -D__MULTICORE_NONE -DDEBUG -D__CODE_RED -D__USE_LPCOPEN -D__REDLIB__ -DCORE_M4 -I"/home/pato/Embebidos/TpFinal/Workspaces/Workspace LPCOPEN/lpc_chip_43xx/inc" -I"/home/pato/Embebidos/TpFinal/Workspaces/Workspace LPCOPEN/lpc_board_nxp_lpcxpresso_4337/inc" -I"/home/pato/Embebidos/TpFinal/Workspaces/Workspace LPCOPEN/lwip_webserver/example/inc" -I"/home/pato/Embebidos/TpFinal/Workspaces/Workspace LPCOPEN/lwip_webserver/lwip/inc" -I"/home/pato/Embebidos/TpFinal/Workspaces/Workspace LPCOPEN/lwip_webserver/lwip/inc/ipv4" -I"/home/pato/Embebidos/TpFinal/Workspaces/Workspace LPCOPEN/lwip_webserver/fatfs/inc" -O0 -g3 -Wall -c -fmessage-length=0 -fno-builtin -ffunction-sections -fdata-sections -fsingle-precision-constant -mcpu=cortex-m4 -mfpu=fpv4-sp-d16 -mfloat-abi=softfp -mthumb -specs=redlib.specs -MMD -MP -MF"lwip/src/core/memp.d" -MT"lwip/src/core/memp.o" -MT"lwip/src/core/memp.d" -o "lwip/src/core/memp.o" "../lwip/src/core/memp.c"
Finished building: ../lwip/src/core/memp.c
 
Building file: ../lwip/src/core/netif.c
Invoking: MCU C Compiler
arm-none-eabi-gcc -D__MULTICORE_NONE -DDEBUG -D__CODE_RED -D__USE_LPCOPEN -D__REDLIB__ -DCORE_M4 -I"/home/pato/Embebidos/TpFinal/Workspaces/Workspace LPCOPEN/lpc_chip_43xx/inc" -I"/home/pato/Embebidos/TpFinal/Workspaces/Workspace LPCOPEN/lpc_board_nxp_lpcxpresso_4337/inc" -I"/home/pato/Embebidos/TpFinal/Workspaces/Workspace LPCOPEN/lwip_webserver/example/inc" -I"/home/pato/Embebidos/TpFinal/Workspaces/Workspace LPCOPEN/lwip_webserver/lwip/inc" -I"/home/pato/Embebidos/TpFinal/Workspaces/Workspace LPCOPEN/lwip_webserver/lwip/inc/ipv4" -I"/home/pato/Embebidos/TpFinal/Workspaces/Workspace LPCOPEN/lwip_webserver/fatfs/inc" -O0 -g3 -Wall -c -fmessage-length=0 -fno-builtin -ffunction-sections -fdata-sections -fsingle-precision-constant -mcpu=cortex-m4 -mfpu=fpv4-sp-d16 -mfloat-abi=softfp -mthumb -specs=redlib.specs -MMD -MP -MF"lwip/src/core/netif.d" -MT"lwip/src/core/netif.o" -MT"lwip/src/core/netif.d" -o "lwip/src/core/netif.o" "../lwip/src/core/netif.c"
Finished building: ../lwip/src/core/netif.c
 
Building file: ../lwip/src/core/pbuf.c
Invoking: MCU C Compiler
arm-none-eabi-gcc -D__MULTICORE_NONE -DDEBUG -D__CODE_RED -D__USE_LPCOPEN -D__REDLIB__ -DCORE_M4 -I"/home/pato/Embebidos/TpFinal/Workspaces/Workspace LPCOPEN/lpc_chip_43xx/inc" -I"/home/pato/Embebidos/TpFinal/Workspaces/Workspace LPCOPEN/lpc_board_nxp_lpcxpresso_4337/inc" -I"/home/pato/Embebidos/TpFinal/Workspaces/Workspace LPCOPEN/lwip_webserver/example/inc" -I"/home/pato/Embebidos/TpFinal/Workspaces/Workspace LPCOPEN/lwip_webserver/lwip/inc" -I"/home/pato/Embebidos/TpFinal/Workspaces/Workspace LPCOPEN/lwip_webserver/lwip/inc/ipv4" -I"/home/pato/Embebidos/TpFinal/Workspaces/Workspace LPCOPEN/lwip_webserver/fatfs/inc" -O0 -g3 -Wall -c -fmessage-length=0 -fno-builtin -ffunction-sections -fdata-sections -fsingle-precision-constant -mcpu=cortex-m4 -mfpu=fpv4-sp-d16 -mfloat-abi=softfp -mthumb -specs=redlib.specs -MMD -MP -MF"lwip/src/core/pbuf.d" -MT"lwip/src/core/pbuf.o" -MT"lwip/src/core/pbuf.d" -o "lwip/src/core/pbuf.o" "../lwip/src/core/pbuf.c"
Finished building: ../lwip/src/core/pbuf.c
 
Building file: ../lwip/src/core/raw.c
Invoking: MCU C Compiler
arm-none-eabi-gcc -D__MULTICORE_NONE -DDEBUG -D__CODE_RED -D__USE_LPCOPEN -D__REDLIB__ -DCORE_M4 -I"/home/pato/Embebidos/TpFinal/Workspaces/Workspace LPCOPEN/lpc_chip_43xx/inc" -I"/home/pato/Embebidos/TpFinal/Workspaces/Workspace LPCOPEN/lpc_board_nxp_lpcxpresso_4337/inc" -I"/home/pato/Embebidos/TpFinal/Workspaces/Workspace LPCOPEN/lwip_webserver/example/inc" -I"/home/pato/Embebidos/TpFinal/Workspaces/Workspace LPCOPEN/lwip_webserver/lwip/inc" -I"/home/pato/Embebidos/TpFinal/Workspaces/Workspace LPCOPEN/lwip_webserver/lwip/inc/ipv4" -I"/home/pato/Embebidos/TpFinal/Workspaces/Workspace LPCOPEN/lwip_webserver/fatfs/inc" -O0 -g3 -Wall -c -fmessage-length=0 -fno-builtin -ffunction-sections -fdata-sections -fsingle-precision-constant -mcpu=cortex-m4 -mfpu=fpv4-sp-d16 -mfloat-abi=softfp -mthumb -specs=redlib.specs -MMD -MP -MF"lwip/src/core/raw.d" -MT"lwip/src/core/raw.o" -MT"lwip/src/core/raw.d" -o "lwip/src/core/raw.o" "../lwip/src/core/raw.c"
Finished building: ../lwip/src/core/raw.c
 
Building file: ../lwip/src/core/stats.c
Invoking: MCU C Compiler
arm-none-eabi-gcc -D__MULTICORE_NONE -DDEBUG -D__CODE_RED -D__USE_LPCOPEN -D__REDLIB__ -DCORE_M4 -I"/home/pato/Embebidos/TpFinal/Workspaces/Workspace LPCOPEN/lpc_chip_43xx/inc" -I"/home/pato/Embebidos/TpFinal/Workspaces/Workspace LPCOPEN/lpc_board_nxp_lpcxpresso_4337/inc" -I"/home/pato/Embebidos/TpFinal/Workspaces/Workspace LPCOPEN/lwip_webserver/example/inc" -I"/home/pato/Embebidos/TpFinal/Workspaces/Workspace LPCOPEN/lwip_webserver/lwip/inc" -I"/home/pato/Embebidos/TpFinal/Workspaces/Workspace LPCOPEN/lwip_webserver/lwip/inc/ipv4" -I"/home/pato/Embebidos/TpFinal/Workspaces/Workspace LPCOPEN/lwip_webserver/fatfs/inc" -O0 -g3 -Wall -c -fmessage-length=0 -fno-builtin -ffunction-sections -fdata-sections -fsingle-precision-constant -mcpu=cortex-m4 -mfpu=fpv4-sp-d16 -mfloat-abi=softfp -mthumb -specs=redlib.specs -MMD -MP -MF"lwip/src/core/stats.d" -MT"lwip/src/core/stats.o" -MT"lwip/src/core/stats.d" -o "lwip/src/core/stats.o" "../lwip/src/core/stats.c"
Finished building: ../lwip/src/core/stats.c
 
Building file: ../lwip/src/core/sys.c
Invoking: MCU C Compiler
arm-none-eabi-gcc -D__MULTICORE_NONE -DDEBUG -D__CODE_RED -D__USE_LPCOPEN -D__REDLIB__ -DCORE_M4 -I"/home/pato/Embebidos/TpFinal/Workspaces/Workspace LPCOPEN/lpc_chip_43xx/inc" -I"/home/pato/Embebidos/TpFinal/Workspaces/Workspace LPCOPEN/lpc_board_nxp_lpcxpresso_4337/inc" -I"/home/pato/Embebidos/TpFinal/Workspaces/Workspace LPCOPEN/lwip_webserver/example/inc" -I"/home/pato/Embebidos/TpFinal/Workspaces/Workspace LPCOPEN/lwip_webserver/lwip/inc" -I"/home/pato/Embebidos/TpFinal/Workspaces/Workspace LPCOPEN/lwip_webserver/lwip/inc/ipv4" -I"/home/pato/Embebidos/TpFinal/Workspaces/Workspace LPCOPEN/lwip_webserver/fatfs/inc" -O0 -g3 -Wall -c -fmessage-length=0 -fno-builtin -ffunction-sections -fdata-sections -fsingle-precision-constant -mcpu=cortex-m4 -mfpu=fpv4-sp-d16 -mfloat-abi=softfp -mthumb -specs=redlib.specs -MMD -MP -MF"lwip/src/core/sys.d" -MT"lwip/src/core/sys.o" -MT"lwip/src/core/sys.d" -o "lwip/src/core/sys.o" "../lwip/src/core/sys.c"
Finished building: ../lwip/src/core/sys.c
 
Building file: ../lwip/src/core/tcp.c
Invoking: MCU C Compiler
arm-none-eabi-gcc -D__MULTICORE_NONE -DDEBUG -D__CODE_RED -D__USE_LPCOPEN -D__REDLIB__ -DCORE_M4 -I"/home/pato/Embebidos/TpFinal/Workspaces/Workspace LPCOPEN/lpc_chip_43xx/inc" -I"/home/pato/Embebidos/TpFinal/Workspaces/Workspace LPCOPEN/lpc_board_nxp_lpcxpresso_4337/inc" -I"/home/pato/Embebidos/TpFinal/Workspaces/Workspace LPCOPEN/lwip_webserver/example/inc" -I"/home/pato/Embebidos/TpFinal/Workspaces/Workspace LPCOPEN/lwip_webserver/lwip/inc" -I"/home/pato/Embebidos/TpFinal/Workspaces/Workspace LPCOPEN/lwip_webserver/lwip/inc/ipv4" -I"/home/pato/Embebidos/TpFinal/Workspaces/Workspace LPCOPEN/lwip_webserver/fatfs/inc" -O0 -g3 -Wall -c -fmessage-length=0 -fno-builtin -ffunction-sections -fdata-sections -fsingle-precision-constant -mcpu=cortex-m4 -mfpu=fpv4-sp-d16 -mfloat-abi=softfp -mthumb -specs=redlib.specs -MMD -MP -MF"lwip/src/core/tcp.d" -MT"lwip/src/core/tcp.o" -MT"lwip/src/core/tcp.d" -o "lwip/src/core/tcp.o" "../lwip/src/core/tcp.c"
Finished building: ../lwip/src/core/tcp.c
 
Building file: ../lwip/src/core/tcp_in.c
Invoking: MCU C Compiler
arm-none-eabi-gcc -D__MULTICORE_NONE -DDEBUG -D__CODE_RED -D__USE_LPCOPEN -D__REDLIB__ -DCORE_M4 -I"/home/pato/Embebidos/TpFinal/Workspaces/Workspace LPCOPEN/lpc_chip_43xx/inc" -I"/home/pato/Embebidos/TpFinal/Workspaces/Workspace LPCOPEN/lpc_board_nxp_lpcxpresso_4337/inc" -I"/home/pato/Embebidos/TpFinal/Workspaces/Workspace LPCOPEN/lwip_webserver/example/inc" -I"/home/pato/Embebidos/TpFinal/Workspaces/Workspace LPCOPEN/lwip_webserver/lwip/inc" -I"/home/pato/Embebidos/TpFinal/Workspaces/Workspace LPCOPEN/lwip_webserver/lwip/inc/ipv4" -I"/home/pato/Embebidos/TpFinal/Workspaces/Workspace LPCOPEN/lwip_webserver/fatfs/inc" -O0 -g3 -Wall -c -fmessage-length=0 -fno-builtin -ffunction-sections -fdata-sections -fsingle-precision-constant -mcpu=cortex-m4 -mfpu=fpv4-sp-d16 -mfloat-abi=softfp -mthumb -specs=redlib.specs -MMD -MP -MF"lwip/src/core/tcp_in.d" -MT"lwip/src/core/tcp_in.o" -MT"lwip/src/core/tcp_in.d" -o "lwip/src/core/tcp_in.o" "../lwip/src/core/tcp_in.c"
Finished building: ../lwip/src/core/tcp_in.c
 
Building file: ../lwip/src/core/tcp_out.c
Invoking: MCU C Compiler
arm-none-eabi-gcc -D__MULTICORE_NONE -DDEBUG -D__CODE_RED -D__USE_LPCOPEN -D__REDLIB__ -DCORE_M4 -I"/home/pato/Embebidos/TpFinal/Workspaces/Workspace LPCOPEN/lpc_chip_43xx/inc" -I"/home/pato/Embebidos/TpFinal/Workspaces/Workspace LPCOPEN/lpc_board_nxp_lpcxpresso_4337/inc" -I"/home/pato/Embebidos/TpFinal/Workspaces/Workspace LPCOPEN/lwip_webserver/example/inc" -I"/home/pato/Embebidos/TpFinal/Workspaces/Workspace LPCOPEN/lwip_webserver/lwip/inc" -I"/home/pato/Embebidos/TpFinal/Workspaces/Workspace LPCOPEN/lwip_webserver/lwip/inc/ipv4" -I"/home/pato/Embebidos/TpFinal/Workspaces/Workspace LPCOPEN/lwip_webserver/fatfs/inc" -O0 -g3 -Wall -c -fmessage-length=0 -fno-builtin -ffunction-sections -fdata-sections -fsingle-precision-constant -mcpu=cortex-m4 -mfpu=fpv4-sp-d16 -mfloat-abi=softfp -mthumb -specs=redlib.specs -MMD -MP -MF"lwip/src/core/tcp_out.d" -MT"lwip/src/core/tcp_out.o" -MT"lwip/src/core/tcp_out.d" -o "lwip/src/core/tcp_out.o" "../lwip/src/core/tcp_out.c"
Finished building: ../lwip/src/core/tcp_out.c
 
Building file: ../lwip/src/core/timers.c
Invoking: MCU C Compiler
arm-none-eabi-gcc -D__MULTICORE_NONE -DDEBUG -D__CODE_RED -D__USE_LPCOPEN -D__REDLIB__ -DCORE_M4 -I"/home/pato/Embebidos/TpFinal/Workspaces/Workspace LPCOPEN/lpc_chip_43xx/inc" -I"/home/pato/Embebidos/TpFinal/Workspaces/Workspace LPCOPEN/lpc_board_nxp_lpcxpresso_4337/inc" -I"/home/pato/Embebidos/TpFinal/Workspaces/Workspace LPCOPEN/lwip_webserver/example/inc" -I"/home/pato/Embebidos/TpFinal/Workspaces/Workspace LPCOPEN/lwip_webserver/lwip/inc" -I"/home/pato/Embebidos/TpFinal/Workspaces/Workspace LPCOPEN/lwip_webserver/lwip/inc/ipv4" -I"/home/pato/Embebidos/TpFinal/Workspaces/Workspace LPCOPEN/lwip_webserver/fatfs/inc" -O0 -g3 -Wall -c -fmessage-length=0 -fno-builtin -ffunction-sections -fdata-sections -fsingle-precision-constant -mcpu=cortex-m4 -mfpu=fpv4-sp-d16 -mfloat-abi=softfp -mthumb -specs=redlib.specs -MMD -MP -MF"lwip/src/core/timers.d" -MT"lwip/src/core/timers.o" -MT"lwip/src/core/timers.d" -o "lwip/src/core/timers.o" "../lwip/src/core/timers.c"
Finished building: ../lwip/src/core/timers.c
 
Building file: ../lwip/src/core/udp.c
Invoking: MCU C Compiler
arm-none-eabi-gcc -D__MULTICORE_NONE -DDEBUG -D__CODE_RED -D__USE_LPCOPEN -D__REDLIB__ -DCORE_M4 -I"/home/pato/Embebidos/TpFinal/Workspaces/Workspace LPCOPEN/lpc_chip_43xx/inc" -I"/home/pato/Embebidos/TpFinal/Workspaces/Workspace LPCOPEN/lpc_board_nxp_lpcxpresso_4337/inc" -I"/home/pato/Embebidos/TpFinal/Workspaces/Workspace LPCOPEN/lwip_webserver/example/inc" -I"/home/pato/Embebidos/TpFinal/Workspaces/Workspace LPCOPEN/lwip_webserver/lwip/inc" -I"/home/pato/Embebidos/TpFinal/Workspaces/Workspace LPCOPEN/lwip_webserver/lwip/inc/ipv4" -I"/home/pato/Embebidos/TpFinal/Workspaces/Workspace LPCOPEN/lwip_webserver/fatfs/inc" -O0 -g3 -Wall -c -fmessage-length=0 -fno-builtin -ffunction-sections -fdata-sections -fsingle-precision-constant -mcpu=cortex-m4 -mfpu=fpv4-sp-d16 -mfloat-abi=softfp -mthumb -specs=redlib.specs -MMD -MP -MF"lwip/src/core/udp.d" -MT"lwip/src/core/udp.o" -MT"lwip/src/core/udp.d" -o "lwip/src/core/udp.o" "../lwip/src/core/udp.c"
Finished building: ../lwip/src/core/udp.c
 
Building file: ../lwip/src/arch/lpc18xx_43xx_emac.c
Invoking: MCU C Compiler
arm-none-eabi-gcc -D__MULTICORE_NONE -DDEBUG -D__CODE_RED -D__USE_LPCOPEN -D__REDLIB__ -DCORE_M4 -I"/home/pato/Embebidos/TpFinal/Workspaces/Workspace LPCOPEN/lpc_chip_43xx/inc" -I"/home/pato/Embebidos/TpFinal/Workspaces/Workspace LPCOPEN/lpc_board_nxp_lpcxpresso_4337/inc" -I"/home/pato/Embebidos/TpFinal/Workspaces/Workspace LPCOPEN/lwip_webserver/example/inc" -I"/home/pato/Embebidos/TpFinal/Workspaces/Workspace LPCOPEN/lwip_webserver/lwip/inc" -I"/home/pato/Embebidos/TpFinal/Workspaces/Workspace LPCOPEN/lwip_webserver/lwip/inc/ipv4" -I"/home/pato/Embebidos/TpFinal/Workspaces/Workspace LPCOPEN/lwip_webserver/fatfs/inc" -O0 -g3 -Wall -c -fmessage-length=0 -fno-builtin -ffunction-sections -fdata-sections -fsingle-precision-constant -mcpu=cortex-m4 -mfpu=fpv4-sp-d16 -mfloat-abi=softfp -mthumb -specs=redlib.specs -MMD -MP -MF"lwip/src/arch/lpc18xx_43xx_emac.d" -MT"lwip/src/arch/lpc18xx_43xx_emac.o" -MT"lwip/src/arch/lpc18xx_43xx_emac.d" -o "lwip/src/arch/lpc18xx_43xx_emac.o" "../lwip/src/arch/lpc18xx_43xx_emac.c"
Finished building: ../lwip/src/arch/lpc18xx_43xx_emac.c
 
Building file: ../lwip/src/arch/lpc18xx_43xx_systick_arch.c
Invoking: MCU C Compiler
arm-none-eabi-gcc -D__MULTICORE_NONE -DDEBUG -D__CODE_RED -D__USE_LPCOPEN -D__REDLIB__ -DCORE_M4 -I"/home/pato/Embebidos/TpFinal/Workspaces/Workspace LPCOPEN/lpc_chip_43xx/inc" -I"/home/pato/Embebidos/TpFinal/Workspaces/Workspace LPCOPEN/lpc_board_nxp_lpcxpresso_4337/inc" -I"/home/pato/Embebidos/TpFinal/Workspaces/Workspace LPCOPEN/lwip_webserver/example/inc" -I"/home/pato/Embebidos/TpFinal/Workspaces/Workspace LPCOPEN/lwip_webserver/lwip/inc" -I"/home/pato/Embebidos/TpFinal/Workspaces/Workspace LPCOPEN/lwip_webserver/lwip/inc/ipv4" -I"/home/pato/Embebidos/TpFinal/Workspaces/Workspace LPCOPEN/lwip_webserver/fatfs/inc" -O0 -g3 -Wall -c -fmessage-length=0 -fno-builtin -ffunction-sections -fdata-sections -fsingle-precision-constant -mcpu=cortex-m4 -mfpu=fpv4-sp-d16 -mfloat-abi=softfp -mthumb -specs=redlib.specs -MMD -MP -MF"lwip/src/arch/lpc18xx_43xx_systick_arch.d" -MT"lwip/src/arch/lpc18xx_43xx_systick_arch.o" -MT"lwip/src/arch/lpc18xx_43xx_systick_arch.d" -o "lwip/src/arch/lpc18xx_43xx_systick_arch.o" "../lwip/src/arch/lpc18xx_43xx_systick_arch.c"
Finished building: ../lwip/src/arch/lpc18xx_43xx_systick_arch.c
 
Building file: ../lwip/src/arch/lpc_debug.c
Invoking: MCU C Compiler
arm-none-eabi-gcc -D__MULTICORE_NONE -DDEBUG -D__CODE_RED -D__USE_LPCOPEN -D__REDLIB__ -DCORE_M4 -I"/home/pato/Embebidos/TpFinal/Workspaces/Workspace LPCOPEN/lpc_chip_43xx/inc" -I"/home/pato/Embebidos/TpFinal/Workspaces/Workspace LPCOPEN/lpc_board_nxp_lpcxpresso_4337/inc" -I"/home/pato/Embebidos/TpFinal/Workspaces/Workspace LPCOPEN/lwip_webserver/example/inc" -I"/home/pato/Embebidos/TpFinal/Workspaces/Workspace LPCOPEN/lwip_webserver/lwip/inc" -I"/home/pato/Embebidos/TpFinal/Workspaces/Workspace LPCOPEN/lwip_webserver/lwip/inc/ipv4" -I"/home/pato/Embebidos/TpFinal/Workspaces/Workspace LPCOPEN/lwip_webserver/fatfs/inc" -O0 -g3 -Wall -c -fmessage-length=0 -fno-builtin -ffunction-sections -fdata-sections -fsingle-precision-constant -mcpu=cortex-m4 -mfpu=fpv4-sp-d16 -mfloat-abi=softfp -mthumb -specs=redlib.specs -MMD -MP -MF"lwip/src/arch/lpc_debug.d" -MT"lwip/src/arch/lpc_debug.o" -MT"lwip/src/arch/lpc_debug.d" -o "lwip/src/arch/lpc_debug.o" "../lwip/src/arch/lpc_debug.c"
Finished building: ../lwip/src/arch/lpc_debug.c
 
Building file: ../lwip/src/api/api_lib.c
Invoking: MCU C Compiler
arm-none-eabi-gcc -D__MULTICORE_NONE -DDEBUG -D__CODE_RED -D__USE_LPCOPEN -D__REDLIB__ -DCORE_M4 -I"/home/pato/Embebidos/TpFinal/Workspaces/Workspace LPCOPEN/lpc_chip_43xx/inc" -I"/home/pato/Embebidos/TpFinal/Workspaces/Workspace LPCOPEN/lpc_board_nxp_lpcxpresso_4337/inc" -I"/home/pato/Embebidos/TpFinal/Workspaces/Workspace LPCOPEN/lwip_webserver/example/inc" -I"/home/pato/Embebidos/TpFinal/Workspaces/Workspace LPCOPEN/lwip_webserver/lwip/inc" -I"/home/pato/Embebidos/TpFinal/Workspaces/Workspace LPCOPEN/lwip_webserver/lwip/inc/ipv4" -I"/home/pato/Embebidos/TpFinal/Workspaces/Workspace LPCOPEN/lwip_webserver/fatfs/inc" -O0 -g3 -Wall -c -fmessage-length=0 -fno-builtin -ffunction-sections -fdata-sections -fsingle-precision-constant -mcpu=cortex-m4 -mfpu=fpv4-sp-d16 -mfloat-abi=softfp -mthumb -specs=redlib.specs -MMD -MP -MF"lwip/src/api/api_lib.d" -MT"lwip/src/api/api_lib.o" -MT"lwip/src/api/api_lib.d" -o "lwip/src/api/api_lib.o" "../lwip/src/api/api_lib.c"
Finished building: ../lwip/src/api/api_lib.c
 
Building file: ../lwip/src/api/api_msg.c
Invoking: MCU C Compiler
arm-none-eabi-gcc -D__MULTICORE_NONE -DDEBUG -D__CODE_RED -D__USE_LPCOPEN -D__REDLIB__ -DCORE_M4 -I"/home/pato/Embebidos/TpFinal/Workspaces/Workspace LPCOPEN/lpc_chip_43xx/inc" -I"/home/pato/Embebidos/TpFinal/Workspaces/Workspace LPCOPEN/lpc_board_nxp_lpcxpresso_4337/inc" -I"/home/pato/Embebidos/TpFinal/Workspaces/Workspace LPCOPEN/lwip_webserver/example/inc" -I"/home/pato/Embebidos/TpFinal/Workspaces/Workspace LPCOPEN/lwip_webserver/lwip/inc" -I"/home/pato/Embebidos/TpFinal/Workspaces/Workspace LPCOPEN/lwip_webserver/lwip/inc/ipv4" -I"/home/pato/Embebidos/TpFinal/Workspaces/Workspace LPCOPEN/lwip_webserver/fatfs/inc" -O0 -g3 -Wall -c -fmessage-length=0 -fno-builtin -ffunction-sections -fdata-sections -fsingle-precision-constant -mcpu=cortex-m4 -mfpu=fpv4-sp-d16 -mfloat-abi=softfp -mthumb -specs=redlib.specs -MMD -MP -MF"lwip/src/api/api_msg.d" -MT"lwip/src/api/api_msg.o" -MT"lwip/src/api/api_msg.d" -o "lwip/src/api/api_msg.o" "../lwip/src/api/api_msg.c"
Finished building: ../lwip/src/api/api_msg.c
 
Building file: ../lwip/src/api/err.c
Invoking: MCU C Compiler
arm-none-eabi-gcc -D__MULTICORE_NONE -DDEBUG -D__CODE_RED -D__USE_LPCOPEN -D__REDLIB__ -DCORE_M4 -I"/home/pato/Embebidos/TpFinal/Workspaces/Workspace LPCOPEN/lpc_chip_43xx/inc" -I"/home/pato/Embebidos/TpFinal/Workspaces/Workspace LPCOPEN/lpc_board_nxp_lpcxpresso_4337/inc" -I"/home/pato/Embebidos/TpFinal/Workspaces/Workspace LPCOPEN/lwip_webserver/example/inc" -I"/home/pato/Embebidos/TpFinal/Workspaces/Workspace LPCOPEN/lwip_webserver/lwip/inc" -I"/home/pato/Embebidos/TpFinal/Workspaces/Workspace LPCOPEN/lwip_webserver/lwip/inc/ipv4" -I"/home/pato/Embebidos/TpFinal/Workspaces/Workspace LPCOPEN/lwip_webserver/fatfs/inc" -O0 -g3 -Wall -c -fmessage-length=0 -fno-builtin -ffunction-sections -fdata-sections -fsingle-precision-constant -mcpu=cortex-m4 -mfpu=fpv4-sp-d16 -mfloat-abi=softfp -mthumb -specs=redlib.specs -MMD -MP -MF"lwip/src/api/err.d" -MT"lwip/src/api/err.o" -MT"lwip/src/api/err.d" -o "lwip/src/api/err.o" "../lwip/src/api/err.c"
Finished building: ../lwip/src/api/err.c
 
Building file: ../lwip/src/api/netbuf.c
Invoking: MCU C Compiler
arm-none-eabi-gcc -D__MULTICORE_NONE -DDEBUG -D__CODE_RED -D__USE_LPCOPEN -D__REDLIB__ -DCORE_M4 -I"/home/pato/Embebidos/TpFinal/Workspaces/Workspace LPCOPEN/lpc_chip_43xx/inc" -I"/home/pato/Embebidos/TpFinal/Workspaces/Workspace LPCOPEN/lpc_board_nxp_lpcxpresso_4337/inc" -I"/home/pato/Embebidos/TpFinal/Workspaces/Workspace LPCOPEN/lwip_webserver/example/inc" -I"/home/pato/Embebidos/TpFinal/Workspaces/Workspace LPCOPEN/lwip_webserver/lwip/inc" -I"/home/pato/Embebidos/TpFinal/Workspaces/Workspace LPCOPEN/lwip_webserver/lwip/inc/ipv4" -I"/home/pato/Embebidos/TpFinal/Workspaces/Workspace LPCOPEN/lwip_webserver/fatfs/inc" -O0 -g3 -Wall -c -fmessage-length=0 -fno-builtin -ffunction-sections -fdata-sections -fsingle-precision-constant -mcpu=cortex-m4 -mfpu=fpv4-sp-d16 -mfloat-abi=softfp -mthumb -specs=redlib.specs -MMD -MP -MF"lwip/src/api/netbuf.d" -MT"lwip/src/api/netbuf.o" -MT"lwip/src/api/netbuf.d" -o "lwip/src/api/netbuf.o" "../lwip/src/api/netbuf.c"
Finished building: ../lwip/src/api/netbuf.c
 
Building file: ../lwip/src/api/netdb.c
Invoking: MCU C Compiler
arm-none-eabi-gcc -D__MULTICORE_NONE -DDEBUG -D__CODE_RED -D__USE_LPCOPEN -D__REDLIB__ -DCORE_M4 -I"/home/pato/Embebidos/TpFinal/Workspaces/Workspace LPCOPEN/lpc_chip_43xx/inc" -I"/home/pato/Embebidos/TpFinal/Workspaces/Workspace LPCOPEN/lpc_board_nxp_lpcxpresso_4337/inc" -I"/home/pato/Embebidos/TpFinal/Workspaces/Workspace LPCOPEN/lwip_webserver/example/inc" -I"/home/pato/Embebidos/TpFinal/Workspaces/Workspace LPCOPEN/lwip_webserver/lwip/inc" -I"/home/pato/Embebidos/TpFinal/Workspaces/Workspace LPCOPEN/lwip_webserver/lwip/inc/ipv4" -I"/home/pato/Embebidos/TpFinal/Workspaces/Workspace LPCOPEN/lwip_webserver/fatfs/inc" -O0 -g3 -Wall -c -fmessage-length=0 -fno-builtin -ffunction-sections -fdata-sections -fsingle-precision-constant -mcpu=cortex-m4 -mfpu=fpv4-sp-d16 -mfloat-abi=softfp -mthumb -specs=redlib.specs -MMD -MP -MF"lwip/src/api/netdb.d" -MT"lwip/src/api/netdb.o" -MT"lwip/src/api/netdb.d" -o "lwip/src/api/netdb.o" "../lwip/src/api/netdb.c"
Finished building: ../lwip/src/api/netdb.c
 
Building file: ../lwip/src/api/netifapi.c
Invoking: MCU C Compiler
arm-none-eabi-gcc -D__MULTICORE_NONE -DDEBUG -D__CODE_RED -D__USE_LPCOPEN -D__REDLIB__ -DCORE_M4 -I"/home/pato/Embebidos/TpFinal/Workspaces/Workspace LPCOPEN/lpc_chip_43xx/inc" -I"/home/pato/Embebidos/TpFinal/Workspaces/Workspace LPCOPEN/lpc_board_nxp_lpcxpresso_4337/inc" -I"/home/pato/Embebidos/TpFinal/Workspaces/Workspace LPCOPEN/lwip_webserver/example/inc" -I"/home/pato/Embebidos/TpFinal/Workspaces/Workspace LPCOPEN/lwip_webserver/lwip/inc" -I"/home/pato/Embebidos/TpFinal/Workspaces/Workspace LPCOPEN/lwip_webserver/lwip/inc/ipv4" -I"/home/pato/Embebidos/TpFinal/Workspaces/Workspace LPCOPEN/lwip_webserver/fatfs/inc" -O0 -g3 -Wall -c -fmessage-length=0 -fno-builtin -ffunction-sections -fdata-sections -fsingle-precision-constant -mcpu=cortex-m4 -mfpu=fpv4-sp-d16 -mfloat-abi=softfp -mthumb -specs=redlib.specs -MMD -MP -MF"lwip/src/api/netifapi.d" -MT"lwip/src/api/netifapi.o" -MT"lwip/src/api/netifapi.d" -o "lwip/src/api/netifapi.o" "../lwip/src/api/netifapi.c"
Finished building: ../lwip/src/api/netifapi.c
 
Building file: ../lwip/src/api/sockets.c
Invoking: MCU C Compiler
arm-none-eabi-gcc -D__MULTICORE_NONE -DDEBUG -D__CODE_RED -D__USE_LPCOPEN -D__REDLIB__ -DCORE_M4 -I"/home/pato/Embebidos/TpFinal/Workspaces/Workspace LPCOPEN/lpc_chip_43xx/inc" -I"/home/pato/Embebidos/TpFinal/Workspaces/Workspace LPCOPEN/lpc_board_nxp_lpcxpresso_4337/inc" -I"/home/pato/Embebidos/TpFinal/Workspaces/Workspace LPCOPEN/lwip_webserver/example/inc" -I"/home/pato/Embebidos/TpFinal/Workspaces/Workspace LPCOPEN/lwip_webserver/lwip/inc" -I"/home/pato/Embebidos/TpFinal/Workspaces/Workspace LPCOPEN/lwip_webserver/lwip/inc/ipv4" -I"/home/pato/Embebidos/TpFinal/Workspaces/Workspace LPCOPEN/lwip_webserver/fatfs/inc" -O0 -g3 -Wall -c -fmessage-length=0 -fno-builtin -ffunction-sections -fdata-sections -fsingle-precision-constant -mcpu=cortex-m4 -mfpu=fpv4-sp-d16 -mfloat-abi=softfp -mthumb -specs=redlib.specs -MMD -MP -MF"lwip/src/api/sockets.d" -MT"lwip/src/api/sockets.o" -MT"lwip/src/api/sockets.d" -o "lwip/src/api/sockets.o" "../lwip/src/api/sockets.c"
Finished building: ../lwip/src/api/sockets.c
 
Building file: ../lwip/src/api/tcpip.c
Invoking: MCU C Compiler
arm-none-eabi-gcc -D__MULTICORE_NONE -DDEBUG -D__CODE_RED -D__USE_LPCOPEN -D__REDLIB__ -DCORE_M4 -I"/home/pato/Embebidos/TpFinal/Workspaces/Workspace LPCOPEN/lpc_chip_43xx/inc" -I"/home/pato/Embebidos/TpFinal/Workspaces/Workspace LPCOPEN/lpc_board_nxp_lpcxpresso_4337/inc" -I"/home/pato/Embebidos/TpFinal/Workspaces/Workspace LPCOPEN/lwip_webserver/example/inc" -I"/home/pato/Embebidos/TpFinal/Workspaces/Workspace LPCOPEN/lwip_webserver/lwip/inc" -I"/home/pato/Embebidos/TpFinal/Workspaces/Workspace LPCOPEN/lwip_webserver/lwip/inc/ipv4" -I"/home/pato/Embebidos/TpFinal/Workspaces/Workspace LPCOPEN/lwip_webserver/fatfs/inc" -O0 -g3 -Wall -c -fmessage-length=0 -fno-builtin -ffunction-sections -fdata-sections -fsingle-precision-constant -mcpu=cortex-m4 -mfpu=fpv4-sp-d16 -mfloat-abi=softfp -mthumb -specs=redlib.specs -MMD -MP -MF"lwip/src/api/tcpip.d" -MT"lwip/src/api/tcpip.o" -MT"lwip/src/api/tcpip.d" -o "lwip/src/api/tcpip.o" "../lwip/src/api/tcpip.c"
Finished building: ../lwip/src/api/tcpip.c
 
Building file: ../fatfs/src/ff.c
Invoking: MCU C Compiler
arm-none-eabi-gcc -D__MULTICORE_NONE -DDEBUG -D__CODE_RED -D__USE_LPCOPEN -D__REDLIB__ -DCORE_M4 -I"/home/pato/Embebidos/TpFinal/Workspaces/Workspace LPCOPEN/lpc_chip_43xx/inc" -I"/home/pato/Embebidos/TpFinal/Workspaces/Workspace LPCOPEN/lpc_board_nxp_lpcxpresso_4337/inc" -I"/home/pato/Embebidos/TpFinal/Workspaces/Workspace LPCOPEN/lwip_webserver/example/inc" -I"/home/pato/Embebidos/TpFinal/Workspaces/Workspace LPCOPEN/lwip_webserver/lwip/inc" -I"/home/pato/Embebidos/TpFinal/Workspaces/Workspace LPCOPEN/lwip_webserver/lwip/inc/ipv4" -I"/home/pato/Embebidos/TpFinal/Workspaces/Workspace LPCOPEN/lwip_webserver/fatfs/inc" -O0 -g3 -Wall -c -fmessage-length=0 -fno-builtin -ffunction-sections -fdata-sections -fsingle-precision-constant -mcpu=cortex-m4 -mfpu=fpv4-sp-d16 -mfloat-abi=softfp -mthumb -specs=redlib.specs -MMD -MP -MF"fatfs/src/ff.d" -MT"fatfs/src/ff.o" -MT"fatfs/src/ff.d" -o "fatfs/src/ff.o" "../fatfs/src/ff.c"
Finished building: ../fatfs/src/ff.c
 
Building file: ../fatfs/src/fs_mci.c
Invoking: MCU C Compiler
arm-none-eabi-gcc -D__MULTICORE_NONE -DDEBUG -D__CODE_RED -D__USE_LPCOPEN -D__REDLIB__ -DCORE_M4 -I"/home/pato/Embebidos/TpFinal/Workspaces/Workspace LPCOPEN/lpc_chip_43xx/inc" -I"/home/pato/Embebidos/TpFinal/Workspaces/Workspace LPCOPEN/lpc_board_nxp_lpcxpresso_4337/inc" -I"/home/pato/Embebidos/TpFinal/Workspaces/Workspace LPCOPEN/lwip_webserver/example/inc" -I"/home/pato/Embebidos/TpFinal/Workspaces/Workspace LPCOPEN/lwip_webserver/lwip/inc" -I"/home/pato/Embebidos/TpFinal/Workspaces/Workspace LPCOPEN/lwip_webserver/lwip/inc/ipv4" -I"/home/pato/Embebidos/TpFinal/Workspaces/Workspace LPCOPEN/lwip_webserver/fatfs/inc" -O0 -g3 -Wall -c -fmessage-length=0 -fno-builtin -ffunction-sections -fdata-sections -fsingle-precision-constant -mcpu=cortex-m4 -mfpu=fpv4-sp-d16 -mfloat-abi=softfp -mthumb -specs=redlib.specs -MMD -MP -MF"fatfs/src/fs_mci.d" -MT"fatfs/src/fs_mci.o" -MT"fatfs/src/fs_mci.d" -o "fatfs/src/fs_mci.o" "../fatfs/src/fs_mci.c"
Finished building: ../fatfs/src/fs_mci.c
 
Building file: ../fatfs/src/rtc.c
Invoking: MCU C Compiler
arm-none-eabi-gcc -D__MULTICORE_NONE -DDEBUG -D__CODE_RED -D__USE_LPCOPEN -D__REDLIB__ -DCORE_M4 -I"/home/pato/Embebidos/TpFinal/Workspaces/Workspace LPCOPEN/lpc_chip_43xx/inc" -I"/home/pato/Embebidos/TpFinal/Workspaces/Workspace LPCOPEN/lpc_board_nxp_lpcxpresso_4337/inc" -I"/home/pato/Embebidos/TpFinal/Workspaces/Workspace LPCOPEN/lwip_webserver/example/inc" -I"/home/pato/Embebidos/TpFinal/Workspaces/Workspace LPCOPEN/lwip_webserver/lwip/inc" -I"/home/pato/Embebidos/TpFinal/Workspaces/Workspace LPCOPEN/lwip_webserver/lwip/inc/ipv4" -I"/home/pato/Embebidos/TpFinal/Workspaces/Workspace LPCOPEN/lwip_webserver/fatfs/inc" -O0 -g3 -Wall -c -fmessage-length=0 -fno-builtin -ffunction-sections -fdata-sections -fsingle-precision-constant -mcpu=cortex-m4 -mfpu=fpv4-sp-d16 -mfloat-abi=softfp -mthumb -specs=redlib.specs -MMD -MP -MF"fatfs/src/rtc.d" -MT"fatfs/src/rtc.o" -MT"fatfs/src/rtc.d" -o "fatfs/src/rtc.o" "../fatfs/src/rtc.c"
Finished building: ../fatfs/src/rtc.c
 
Building file: ../example/src/cr_startup_lpc43xx.c
Invoking: MCU C Compiler
arm-none-eabi-gcc -D__MULTICORE_NONE -DDEBUG -D__CODE_RED -D__USE_LPCOPEN -D__REDLIB__ -DCORE_M4 -I"/home/pato/Embebidos/TpFinal/Workspaces/Workspace LPCOPEN/lpc_chip_43xx/inc" -I"/home/pato/Embebidos/TpFinal/Workspaces/Workspace LPCOPEN/lpc_board_nxp_lpcxpresso_4337/inc" -I"/home/pato/Embebidos/TpFinal/Workspaces/Workspace LPCOPEN/lwip_webserver/example/inc" -I"/home/pato/Embebidos/TpFinal/Workspaces/Workspace LPCOPEN/lwip_webserver/lwip/inc" -I"/home/pato/Embebidos/TpFinal/Workspaces/Workspace LPCOPEN/lwip_webserver/lwip/inc/ipv4" -I"/home/pato/Embebidos/TpFinal/Workspaces/Workspace LPCOPEN/lwip_webserver/fatfs/inc" -O0 -g3 -Wall -c -fmessage-length=0 -fno-builtin -ffunction-sections -fdata-sections -fsingle-precision-constant -mcpu=cortex-m4 -mfpu=fpv4-sp-d16 -mfloat-abi=softfp -mthumb -specs=redlib.specs -MMD -MP -MF"example/src/cr_startup_lpc43xx.d" -MT"example/src/cr_startup_lpc43xx.o" -MT"example/src/cr_startup_lpc43xx.d" -o "example/src/cr_startup_lpc43xx.o" "../example/src/cr_startup_lpc43xx.c"
Finished building: ../example/src/cr_startup_lpc43xx.c
 
Building file: ../example/src/httpd.c
Invoking: MCU C Compiler
arm-none-eabi-gcc -D__MULTICORE_NONE -DDEBUG -D__CODE_RED -D__USE_LPCOPEN -D__REDLIB__ -DCORE_M4 -I"/home/pato/Embebidos/TpFinal/Workspaces/Workspace LPCOPEN/lpc_chip_43xx/inc" -I"/home/pato/Embebidos/TpFinal/Workspaces/Workspace LPCOPEN/lpc_board_nxp_lpcxpresso_4337/inc" -I"/home/pato/Embebidos/TpFinal/Workspaces/Workspace LPCOPEN/lwip_webserver/example/inc" -I"/home/pato/Embebidos/TpFinal/Workspaces/Workspace LPCOPEN/lwip_webserver/lwip/inc" -I"/home/pato/Embebidos/TpFinal/Workspaces/Workspace LPCOPEN/lwip_webserver/lwip/inc/ipv4" -I"/home/pato/Embebidos/TpFinal/Workspaces/Workspace LPCOPEN/lwip_webserver/fatfs/inc" -O0 -g3 -Wall -c -fmessage-length=0 -fno-builtin -ffunction-sections -fdata-sections -fsingle-precision-constant -mcpu=cortex-m4 -mfpu=fpv4-sp-d16 -mfloat-abi=softfp -mthumb -specs=redlib.specs -MMD -MP -MF"example/src/httpd.d" -MT"example/src/httpd.o" -MT"example/src/httpd.d" -o "example/src/httpd.o" "../example/src/httpd.c"
Finished building: ../example/src/httpd.c
 
Building file: ../example/src/lwip_fs.c
Invoking: MCU C Compiler
arm-none-eabi-gcc -D__MULTICORE_NONE -DDEBUG -D__CODE_RED -D__USE_LPCOPEN -D__REDLIB__ -DCORE_M4 -I"/home/pato/Embebidos/TpFinal/Workspaces/Workspace LPCOPEN/lpc_chip_43xx/inc" -I"/home/pato/Embebidos/TpFinal/Workspaces/Workspace LPCOPEN/lpc_board_nxp_lpcxpresso_4337/inc" -I"/home/pato/Embebidos/TpFinal/Workspaces/Workspace LPCOPEN/lwip_webserver/example/inc" -I"/home/pato/Embebidos/TpFinal/Workspaces/Workspace LPCOPEN/lwip_webserver/lwip/inc" -I"/home/pato/Embebidos/TpFinal/Workspaces/Workspace LPCOPEN/lwip_webserver/lwip/inc/ipv4" -I"/home/pato/Embebidos/TpFinal/Workspaces/Workspace LPCOPEN/lwip_webserver/fatfs/inc" -O0 -g3 -Wall -c -fmessage-length=0 -fno-builtin -ffunction-sections -fdata-sections -fsingle-precision-constant -mcpu=cortex-m4 -mfpu=fpv4-sp-d16 -mfloat-abi=softfp -mthumb -specs=redlib.specs -MMD -MP -MF"example/src/lwip_fs.d" -MT"example/src/lwip_fs.o" -MT"example/src/lwip_fs.d" -o "example/src/lwip_fs.o" "../example/src/lwip_fs.c"
Finished building: ../example/src/lwip_fs.c
 
Building file: ../example/src/sysinit.c
Invoking: MCU C Compiler
arm-none-eabi-gcc -D__MULTICORE_NONE -DDEBUG -D__CODE_RED -D__USE_LPCOPEN -D__REDLIB__ -DCORE_M4 -I"/home/pato/Embebidos/TpFinal/Workspaces/Workspace LPCOPEN/lpc_chip_43xx/inc" -I"/home/pato/Embebidos/TpFinal/Workspaces/Workspace LPCOPEN/lpc_board_nxp_lpcxpresso_4337/inc" -I"/home/pato/Embebidos/TpFinal/Workspaces/Workspace LPCOPEN/lwip_webserver/example/inc" -I"/home/pato/Embebidos/TpFinal/Workspaces/Workspace LPCOPEN/lwip_webserver/lwip/inc" -I"/home/pato/Embebidos/TpFinal/Workspaces/Workspace LPCOPEN/lwip_webserver/lwip/inc/ipv4" -I"/home/pato/Embebidos/TpFinal/Workspaces/Workspace LPCOPEN/lwip_webserver/fatfs/inc" -O0 -g3 -Wall -c -fmessage-length=0 -fno-builtin -ffunction-sections -fdata-sections -fsingle-precision-constant -mcpu=cortex-m4 -mfpu=fpv4-sp-d16 -mfloat-abi=softfp -mthumb -specs=redlib.specs -MMD -MP -MF"example/src/sysinit.d" -MT"example/src/sysinit.o" -MT"example/src/sysinit.d" -o "example/src/sysinit.o" "../example/src/sysinit.c"
Finished building: ../example/src/sysinit.c
 
Building file: ../example/src/webserver.c
Invoking: MCU C Compiler
arm-none-eabi-gcc -D__MULTICORE_NONE -DDEBUG -D__CODE_RED -D__USE_LPCOPEN -D__REDLIB__ -DCORE_M4 -I"/home/pato/Embebidos/TpFinal/Workspaces/Workspace LPCOPEN/lpc_chip_43xx/inc" -I"/home/pato/Embebidos/TpFinal/Workspaces/Workspace LPCOPEN/lpc_board_nxp_lpcxpresso_4337/inc" -I"/home/pato/Embebidos/TpFinal/Workspaces/Workspace LPCOPEN/lwip_webserver/example/inc" -I"/home/pato/Embebidos/TpFinal/Workspaces/Workspace LPCOPEN/lwip_webserver/lwip/inc" -I"/home/pato/Embebidos/TpFinal/Workspaces/Workspace LPCOPEN/lwip_webserver/lwip/inc/ipv4" -I"/home/pato/Embebidos/TpFinal/Workspaces/Workspace LPCOPEN/lwip_webserver/fatfs/inc" -O0 -g3 -Wall -c -fmessage-length=0 -fno-builtin -ffunction-sections -fdata-sections -fsingle-precision-constant -mcpu=cortex-m4 -mfpu=fpv4-sp-d16 -mfloat-abi=softfp -mthumb -specs=redlib.specs -MMD -MP -MF"example/src/webserver.d" -MT"example/src/webserver.o" -MT"example/src/webserver.d" -o "example/src/webserver.o" "../example/src/webserver.c"
Finished building: ../example/src/webserver.c
 
Building target: lwip_webserver.axf
Invoking: MCU Linker
arm-none-eabi-gcc -nostdlib -L"/home/pato/Embebidos/TpFinal/Workspaces/Workspace LPCOPEN/lpc_chip_43xx/Debug" -L"/home/pato/Embebidos/TpFinal/Workspaces/Workspace LPCOPEN/lpc_board_nxp_lpcxpresso_4337/Debug" -Xlinker -Map="lwip_webserver.map" -Xlinker --gc-sections -mcpu=cortex-m4 -mfpu=fpv4-sp-d16 -mfloat-abi=softfp -mthumb -T "lwip_webserver_Debug.ld" -o "lwip_webserver.axf"  ./lwip/src/netif/etharp.o ./lwip/src/netif/ethernetif.o  ./lwip/src/core/ipv4/autoip.o ./lwip/src/core/ipv4/icmp.o ./lwip/src/core/ipv4/igmp.o ./lwip/src/core/ipv4/inet.o ./lwip/src/core/ipv4/inet_chksum.o ./lwip/src/core/ipv4/ip.o ./lwip/src/core/ipv4/ip_addr.o ./lwip/src/core/ipv4/ip_frag.o  ./lwip/src/core/def.o ./lwip/src/core/dhcp.o ./lwip/src/core/dns.o ./lwip/src/core/init.o ./lwip/src/core/mem.o ./lwip/src/core/memp.o ./lwip/src/core/netif.o ./lwip/src/core/pbuf.o ./lwip/src/core/raw.o ./lwip/src/core/stats.o ./lwip/src/core/sys.o ./lwip/src/core/tcp.o ./lwip/src/core/tcp_in.o ./lwip/src/core/tcp_out.o ./lwip/src/core/timers.o ./lwip/src/core/udp.o  ./lwip/src/arch/lpc18xx_43xx_emac.o ./lwip/src/arch/lpc18xx_43xx_systick_arch.o ./lwip/src/arch/lpc_debug.o  ./lwip/src/api/api_lib.o ./lwip/src/api/api_msg.o ./lwip/src/api/err.o ./lwip/src/api/netbuf.o ./lwip/src/api/netdb.o ./lwip/src/api/netifapi.o ./lwip/src/api/sockets.o ./lwip/src/api/tcpip.o  ./fatfs/src/ff.o ./fatfs/src/fs_mci.o ./fatfs/src/rtc.o  ./example/src/cr_startup_lpc43xx.o ./example/src/httpd.o ./example/src/lwip_fs.o ./example/src/sysinit.o ./example/src/webserver.o   -llpc_board_nxp_lpcxpresso_4337 -llpc_chip_43xx
Finished building target: lwip_webserver.axf
 
make --no-print-directory post-build
Performing post-build steps
arm-none-eabi-size "lwip_webserver.axf"; # arm-none-eabi-objcopy -v -O binary "lwip_webserver.axf" "lwip_webserver.bin" ; # checksum -p LPC4337 -d "lwip_webserver.bin";
   text	   data	    bss	    dec	    hex	filename
  83520	     16	   3728	  87264	  154e0	lwip_webserver.axf
 

13:32:12 Build Finished (took 3s.67ms)

