19:08:46 **** Incremental Build of configuration Debug for project Webserver ****
make -r all 
Building file: ../lwIP/src/netif/etharp.c
Invoking: MCU C Compiler
arm-none-eabi-gcc -D__MULTICORE_NONE -DDEBUG -D__CODE_RED -DCORE_M4 -D__LPC43XX__ -D__NEWLIB__ -I"/home/pato/Embebidos/TpFinal/Workspaces/TpFinal/Webserver/Control/inc" -I"/home/pato/Embebidos/TpFinal/Workspaces/TpFinal/Webserver/lwIP/inc/ipv4" -I"/home/pato/Embebidos/TpFinal/Workspaces/TpFinal/Webserver/freeRTOS/inc" -I"/home/pato/Embebidos/TpFinal/Workspaces/TpFinal/Webserver/HAL/Board/inc" -I"/home/pato/Embebidos/TpFinal/Workspaces/TpFinal/Webserver/HAL/Chip/inc" -I"/home/pato/Embebidos/TpFinal/Workspaces/TpFinal/Webserver/HAL/Chip/inc/usbd" -I"/home/pato/Embebidos/TpFinal/Workspaces/TpFinal/Webserver/lwIP/inc" -I/usr/local/lpcxpresso_8.0.0_526/lpcxpresso/tools/arm-none-eabi/include -O0 -g3 -Wall -c -fmessage-length=0 -fno-builtin -ffunction-sections -fdata-sections -fsingle-precision-constant -mcpu=cortex-m4 -mfpu=fpv4-sp-d16 -mfloat-abi=softfp -mthumb -D__NEWLIB__ -MMD -MP -MF"lwIP/src/netif/etharp.d" -MT"lwIP/src/netif/etharp.o" -MT"lwIP/src/netif/etharp.d" -o "lwIP/src/netif/etharp.o" "../lwIP/src/netif/etharp.c"
Finished building: ../lwIP/src/netif/etharp.c
 
Building file: ../lwIP/src/netif/ethernetif.c
Invoking: MCU C Compiler
arm-none-eabi-gcc -D__MULTICORE_NONE -DDEBUG -D__CODE_RED -DCORE_M4 -D__LPC43XX__ -D__NEWLIB__ -I"/home/pato/Embebidos/TpFinal/Workspaces/TpFinal/Webserver/Control/inc" -I"/home/pato/Embebidos/TpFinal/Workspaces/TpFinal/Webserver/lwIP/inc/ipv4" -I"/home/pato/Embebidos/TpFinal/Workspaces/TpFinal/Webserver/freeRTOS/inc" -I"/home/pato/Embebidos/TpFinal/Workspaces/TpFinal/Webserver/HAL/Board/inc" -I"/home/pato/Embebidos/TpFinal/Workspaces/TpFinal/Webserver/HAL/Chip/inc" -I"/home/pato/Embebidos/TpFinal/Workspaces/TpFinal/Webserver/HAL/Chip/inc/usbd" -I"/home/pato/Embebidos/TpFinal/Workspaces/TpFinal/Webserver/lwIP/inc" -I/usr/local/lpcxpresso_8.0.0_526/lpcxpresso/tools/arm-none-eabi/include -O0 -g3 -Wall -c -fmessage-length=0 -fno-builtin -ffunction-sections -fdata-sections -fsingle-precision-constant -mcpu=cortex-m4 -mfpu=fpv4-sp-d16 -mfloat-abi=softfp -mthumb -D__NEWLIB__ -MMD -MP -MF"lwIP/src/netif/ethernetif.d" -MT"lwIP/src/netif/ethernetif.o" -MT"lwIP/src/netif/ethernetif.d" -o "lwIP/src/netif/ethernetif.o" "../lwIP/src/netif/ethernetif.c"
Finished building: ../lwIP/src/netif/ethernetif.c
 
Building file: ../lwIP/src/core/ipv4/autoip.c
Invoking: MCU C Compiler
arm-none-eabi-gcc -D__MULTICORE_NONE -DDEBUG -D__CODE_RED -DCORE_M4 -D__LPC43XX__ -D__NEWLIB__ -I"/home/pato/Embebidos/TpFinal/Workspaces/TpFinal/Webserver/Control/inc" -I"/home/pato/Embebidos/TpFinal/Workspaces/TpFinal/Webserver/lwIP/inc/ipv4" -I"/home/pato/Embebidos/TpFinal/Workspaces/TpFinal/Webserver/freeRTOS/inc" -I"/home/pato/Embebidos/TpFinal/Workspaces/TpFinal/Webserver/HAL/Board/inc" -I"/home/pato/Embebidos/TpFinal/Workspaces/TpFinal/Webserver/HAL/Chip/inc" -I"/home/pato/Embebidos/TpFinal/Workspaces/TpFinal/Webserver/HAL/Chip/inc/usbd" -I"/home/pato/Embebidos/TpFinal/Workspaces/TpFinal/Webserver/lwIP/inc" -I/usr/local/lpcxpresso_8.0.0_526/lpcxpresso/tools/arm-none-eabi/include -O0 -g3 -Wall -c -fmessage-length=0 -fno-builtin -ffunction-sections -fdata-sections -fsingle-precision-constant -mcpu=cortex-m4 -mfpu=fpv4-sp-d16 -mfloat-abi=softfp -mthumb -D__NEWLIB__ -MMD -MP -MF"lwIP/src/core/ipv4/autoip.d" -MT"lwIP/src/core/ipv4/autoip.o" -MT"lwIP/src/core/ipv4/autoip.d" -o "lwIP/src/core/ipv4/autoip.o" "../lwIP/src/core/ipv4/autoip.c"
Finished building: ../lwIP/src/core/ipv4/autoip.c
 
Building file: ../lwIP/src/core/ipv4/icmp.c
Invoking: MCU C Compiler
arm-none-eabi-gcc -D__MULTICORE_NONE -DDEBUG -D__CODE_RED -DCORE_M4 -D__LPC43XX__ -D__NEWLIB__ -I"/home/pato/Embebidos/TpFinal/Workspaces/TpFinal/Webserver/Control/inc" -I"/home/pato/Embebidos/TpFinal/Workspaces/TpFinal/Webserver/lwIP/inc/ipv4" -I"/home/pato/Embebidos/TpFinal/Workspaces/TpFinal/Webserver/freeRTOS/inc" -I"/home/pato/Embebidos/TpFinal/Workspaces/TpFinal/Webserver/HAL/Board/inc" -I"/home/pato/Embebidos/TpFinal/Workspaces/TpFinal/Webserver/HAL/Chip/inc" -I"/home/pato/Embebidos/TpFinal/Workspaces/TpFinal/Webserver/HAL/Chip/inc/usbd" -I"/home/pato/Embebidos/TpFinal/Workspaces/TpFinal/Webserver/lwIP/inc" -I/usr/local/lpcxpresso_8.0.0_526/lpcxpresso/tools/arm-none-eabi/include -O0 -g3 -Wall -c -fmessage-length=0 -fno-builtin -ffunction-sections -fdata-sections -fsingle-precision-constant -mcpu=cortex-m4 -mfpu=fpv4-sp-d16 -mfloat-abi=softfp -mthumb -D__NEWLIB__ -MMD -MP -MF"lwIP/src/core/ipv4/icmp.d" -MT"lwIP/src/core/ipv4/icmp.o" -MT"lwIP/src/core/ipv4/icmp.d" -o "lwIP/src/core/ipv4/icmp.o" "../lwIP/src/core/ipv4/icmp.c"
Finished building: ../lwIP/src/core/ipv4/icmp.c
 
Building file: ../lwIP/src/core/ipv4/igmp.c
Invoking: MCU C Compiler
arm-none-eabi-gcc -D__MULTICORE_NONE -DDEBUG -D__CODE_RED -DCORE_M4 -D__LPC43XX__ -D__NEWLIB__ -I"/home/pato/Embebidos/TpFinal/Workspaces/TpFinal/Webserver/Control/inc" -I"/home/pato/Embebidos/TpFinal/Workspaces/TpFinal/Webserver/lwIP/inc/ipv4" -I"/home/pato/Embebidos/TpFinal/Workspaces/TpFinal/Webserver/freeRTOS/inc" -I"/home/pato/Embebidos/TpFinal/Workspaces/TpFinal/Webserver/HAL/Board/inc" -I"/home/pato/Embebidos/TpFinal/Workspaces/TpFinal/Webserver/HAL/Chip/inc" -I"/home/pato/Embebidos/TpFinal/Workspaces/TpFinal/Webserver/HAL/Chip/inc/usbd" -I"/home/pato/Embebidos/TpFinal/Workspaces/TpFinal/Webserver/lwIP/inc" -I/usr/local/lpcxpresso_8.0.0_526/lpcxpresso/tools/arm-none-eabi/include -O0 -g3 -Wall -c -fmessage-length=0 -fno-builtin -ffunction-sections -fdata-sections -fsingle-precision-constant -mcpu=cortex-m4 -mfpu=fpv4-sp-d16 -mfloat-abi=softfp -mthumb -D__NEWLIB__ -MMD -MP -MF"lwIP/src/core/ipv4/igmp.d" -MT"lwIP/src/core/ipv4/igmp.o" -MT"lwIP/src/core/ipv4/igmp.d" -o "lwIP/src/core/ipv4/igmp.o" "../lwIP/src/core/ipv4/igmp.c"
Finished building: ../lwIP/src/core/ipv4/igmp.c
 
Building file: ../lwIP/src/core/ipv4/inet.c
Invoking: MCU C Compiler
arm-none-eabi-gcc -D__MULTICORE_NONE -DDEBUG -D__CODE_RED -DCORE_M4 -D__LPC43XX__ -D__NEWLIB__ -I"/home/pato/Embebidos/TpFinal/Workspaces/TpFinal/Webserver/Control/inc" -I"/home/pato/Embebidos/TpFinal/Workspaces/TpFinal/Webserver/lwIP/inc/ipv4" -I"/home/pato/Embebidos/TpFinal/Workspaces/TpFinal/Webserver/freeRTOS/inc" -I"/home/pato/Embebidos/TpFinal/Workspaces/TpFinal/Webserver/HAL/Board/inc" -I"/home/pato/Embebidos/TpFinal/Workspaces/TpFinal/Webserver/HAL/Chip/inc" -I"/home/pato/Embebidos/TpFinal/Workspaces/TpFinal/Webserver/HAL/Chip/inc/usbd" -I"/home/pato/Embebidos/TpFinal/Workspaces/TpFinal/Webserver/lwIP/inc" -I/usr/local/lpcxpresso_8.0.0_526/lpcxpresso/tools/arm-none-eabi/include -O0 -g3 -Wall -c -fmessage-length=0 -fno-builtin -ffunction-sections -fdata-sections -fsingle-precision-constant -mcpu=cortex-m4 -mfpu=fpv4-sp-d16 -mfloat-abi=softfp -mthumb -D__NEWLIB__ -MMD -MP -MF"lwIP/src/core/ipv4/inet.d" -MT"lwIP/src/core/ipv4/inet.o" -MT"lwIP/src/core/ipv4/inet.d" -o "lwIP/src/core/ipv4/inet.o" "../lwIP/src/core/ipv4/inet.c"
Finished building: ../lwIP/src/core/ipv4/inet.c
 
Building file: ../lwIP/src/core/ipv4/inet_chksum.c
Invoking: MCU C Compiler
arm-none-eabi-gcc -D__MULTICORE_NONE -DDEBUG -D__CODE_RED -DCORE_M4 -D__LPC43XX__ -D__NEWLIB__ -I"/home/pato/Embebidos/TpFinal/Workspaces/TpFinal/Webserver/Control/inc" -I"/home/pato/Embebidos/TpFinal/Workspaces/TpFinal/Webserver/lwIP/inc/ipv4" -I"/home/pato/Embebidos/TpFinal/Workspaces/TpFinal/Webserver/freeRTOS/inc" -I"/home/pato/Embebidos/TpFinal/Workspaces/TpFinal/Webserver/HAL/Board/inc" -I"/home/pato/Embebidos/TpFinal/Workspaces/TpFinal/Webserver/HAL/Chip/inc" -I"/home/pato/Embebidos/TpFinal/Workspaces/TpFinal/Webserver/HAL/Chip/inc/usbd" -I"/home/pato/Embebidos/TpFinal/Workspaces/TpFinal/Webserver/lwIP/inc" -I/usr/local/lpcxpresso_8.0.0_526/lpcxpresso/tools/arm-none-eabi/include -O0 -g3 -Wall -c -fmessage-length=0 -fno-builtin -ffunction-sections -fdata-sections -fsingle-precision-constant -mcpu=cortex-m4 -mfpu=fpv4-sp-d16 -mfloat-abi=softfp -mthumb -D__NEWLIB__ -MMD -MP -MF"lwIP/src/core/ipv4/inet_chksum.d" -MT"lwIP/src/core/ipv4/inet_chksum.o" -MT"lwIP/src/core/ipv4/inet_chksum.d" -o "lwIP/src/core/ipv4/inet_chksum.o" "../lwIP/src/core/ipv4/inet_chksum.c"
Finished building: ../lwIP/src/core/ipv4/inet_chksum.c
 
Building file: ../lwIP/src/core/ipv4/ip.c
Invoking: MCU C Compiler
arm-none-eabi-gcc -D__MULTICORE_NONE -DDEBUG -D__CODE_RED -DCORE_M4 -D__LPC43XX__ -D__NEWLIB__ -I"/home/pato/Embebidos/TpFinal/Workspaces/TpFinal/Webserver/Control/inc" -I"/home/pato/Embebidos/TpFinal/Workspaces/TpFinal/Webserver/lwIP/inc/ipv4" -I"/home/pato/Embebidos/TpFinal/Workspaces/TpFinal/Webserver/freeRTOS/inc" -I"/home/pato/Embebidos/TpFinal/Workspaces/TpFinal/Webserver/HAL/Board/inc" -I"/home/pato/Embebidos/TpFinal/Workspaces/TpFinal/Webserver/HAL/Chip/inc" -I"/home/pato/Embebidos/TpFinal/Workspaces/TpFinal/Webserver/HAL/Chip/inc/usbd" -I"/home/pato/Embebidos/TpFinal/Workspaces/TpFinal/Webserver/lwIP/inc" -I/usr/local/lpcxpresso_8.0.0_526/lpcxpresso/tools/arm-none-eabi/include -O0 -g3 -Wall -c -fmessage-length=0 -fno-builtin -ffunction-sections -fdata-sections -fsingle-precision-constant -mcpu=cortex-m4 -mfpu=fpv4-sp-d16 -mfloat-abi=softfp -mthumb -D__NEWLIB__ -MMD -MP -MF"lwIP/src/core/ipv4/ip.d" -MT"lwIP/src/core/ipv4/ip.o" -MT"lwIP/src/core/ipv4/ip.d" -o "lwIP/src/core/ipv4/ip.o" "../lwIP/src/core/ipv4/ip.c"
Finished building: ../lwIP/src/core/ipv4/ip.c
 
Building file: ../lwIP/src/core/ipv4/ip_addr.c
Invoking: MCU C Compiler
arm-none-eabi-gcc -D__MULTICORE_NONE -DDEBUG -D__CODE_RED -DCORE_M4 -D__LPC43XX__ -D__NEWLIB__ -I"/home/pato/Embebidos/TpFinal/Workspaces/TpFinal/Webserver/Control/inc" -I"/home/pato/Embebidos/TpFinal/Workspaces/TpFinal/Webserver/lwIP/inc/ipv4" -I"/home/pato/Embebidos/TpFinal/Workspaces/TpFinal/Webserver/freeRTOS/inc" -I"/home/pato/Embebidos/TpFinal/Workspaces/TpFinal/Webserver/HAL/Board/inc" -I"/home/pato/Embebidos/TpFinal/Workspaces/TpFinal/Webserver/HAL/Chip/inc" -I"/home/pato/Embebidos/TpFinal/Workspaces/TpFinal/Webserver/HAL/Chip/inc/usbd" -I"/home/pato/Embebidos/TpFinal/Workspaces/TpFinal/Webserver/lwIP/inc" -I/usr/local/lpcxpresso_8.0.0_526/lpcxpresso/tools/arm-none-eabi/include -O0 -g3 -Wall -c -fmessage-length=0 -fno-builtin -ffunction-sections -fdata-sections -fsingle-precision-constant -mcpu=cortex-m4 -mfpu=fpv4-sp-d16 -mfloat-abi=softfp -mthumb -D__NEWLIB__ -MMD -MP -MF"lwIP/src/core/ipv4/ip_addr.d" -MT"lwIP/src/core/ipv4/ip_addr.o" -MT"lwIP/src/core/ipv4/ip_addr.d" -o "lwIP/src/core/ipv4/ip_addr.o" "../lwIP/src/core/ipv4/ip_addr.c"
Finished building: ../lwIP/src/core/ipv4/ip_addr.c
 
Building file: ../lwIP/src/core/ipv4/ip_frag.c
Invoking: MCU C Compiler
arm-none-eabi-gcc -D__MULTICORE_NONE -DDEBUG -D__CODE_RED -DCORE_M4 -D__LPC43XX__ -D__NEWLIB__ -I"/home/pato/Embebidos/TpFinal/Workspaces/TpFinal/Webserver/Control/inc" -I"/home/pato/Embebidos/TpFinal/Workspaces/TpFinal/Webserver/lwIP/inc/ipv4" -I"/home/pato/Embebidos/TpFinal/Workspaces/TpFinal/Webserver/freeRTOS/inc" -I"/home/pato/Embebidos/TpFinal/Workspaces/TpFinal/Webserver/HAL/Board/inc" -I"/home/pato/Embebidos/TpFinal/Workspaces/TpFinal/Webserver/HAL/Chip/inc" -I"/home/pato/Embebidos/TpFinal/Workspaces/TpFinal/Webserver/HAL/Chip/inc/usbd" -I"/home/pato/Embebidos/TpFinal/Workspaces/TpFinal/Webserver/lwIP/inc" -I/usr/local/lpcxpresso_8.0.0_526/lpcxpresso/tools/arm-none-eabi/include -O0 -g3 -Wall -c -fmessage-length=0 -fno-builtin -ffunction-sections -fdata-sections -fsingle-precision-constant -mcpu=cortex-m4 -mfpu=fpv4-sp-d16 -mfloat-abi=softfp -mthumb -D__NEWLIB__ -MMD -MP -MF"lwIP/src/core/ipv4/ip_frag.d" -MT"lwIP/src/core/ipv4/ip_frag.o" -MT"lwIP/src/core/ipv4/ip_frag.d" -o "lwIP/src/core/ipv4/ip_frag.o" "../lwIP/src/core/ipv4/ip_frag.c"
Finished building: ../lwIP/src/core/ipv4/ip_frag.c
 
Building file: ../lwIP/src/core/def.c
Invoking: MCU C Compiler
arm-none-eabi-gcc -D__MULTICORE_NONE -DDEBUG -D__CODE_RED -DCORE_M4 -D__LPC43XX__ -D__NEWLIB__ -I"/home/pato/Embebidos/TpFinal/Workspaces/TpFinal/Webserver/Control/inc" -I"/home/pato/Embebidos/TpFinal/Workspaces/TpFinal/Webserver/lwIP/inc/ipv4" -I"/home/pato/Embebidos/TpFinal/Workspaces/TpFinal/Webserver/freeRTOS/inc" -I"/home/pato/Embebidos/TpFinal/Workspaces/TpFinal/Webserver/HAL/Board/inc" -I"/home/pato/Embebidos/TpFinal/Workspaces/TpFinal/Webserver/HAL/Chip/inc" -I"/home/pato/Embebidos/TpFinal/Workspaces/TpFinal/Webserver/HAL/Chip/inc/usbd" -I"/home/pato/Embebidos/TpFinal/Workspaces/TpFinal/Webserver/lwIP/inc" -I/usr/local/lpcxpresso_8.0.0_526/lpcxpresso/tools/arm-none-eabi/include -O0 -g3 -Wall -c -fmessage-length=0 -fno-builtin -ffunction-sections -fdata-sections -fsingle-precision-constant -mcpu=cortex-m4 -mfpu=fpv4-sp-d16 -mfloat-abi=softfp -mthumb -D__NEWLIB__ -MMD -MP -MF"lwIP/src/core/def.d" -MT"lwIP/src/core/def.o" -MT"lwIP/src/core/def.d" -o "lwIP/src/core/def.o" "../lwIP/src/core/def.c"
Finished building: ../lwIP/src/core/def.c
 
Building file: ../lwIP/src/core/dhcp.c
Invoking: MCU C Compiler
arm-none-eabi-gcc -D__MULTICORE_NONE -DDEBUG -D__CODE_RED -DCORE_M4 -D__LPC43XX__ -D__NEWLIB__ -I"/home/pato/Embebidos/TpFinal/Workspaces/TpFinal/Webserver/Control/inc" -I"/home/pato/Embebidos/TpFinal/Workspaces/TpFinal/Webserver/lwIP/inc/ipv4" -I"/home/pato/Embebidos/TpFinal/Workspaces/TpFinal/Webserver/freeRTOS/inc" -I"/home/pato/Embebidos/TpFinal/Workspaces/TpFinal/Webserver/HAL/Board/inc" -I"/home/pato/Embebidos/TpFinal/Workspaces/TpFinal/Webserver/HAL/Chip/inc" -I"/home/pato/Embebidos/TpFinal/Workspaces/TpFinal/Webserver/HAL/Chip/inc/usbd" -I"/home/pato/Embebidos/TpFinal/Workspaces/TpFinal/Webserver/lwIP/inc" -I/usr/local/lpcxpresso_8.0.0_526/lpcxpresso/tools/arm-none-eabi/include -O0 -g3 -Wall -c -fmessage-length=0 -fno-builtin -ffunction-sections -fdata-sections -fsingle-precision-constant -mcpu=cortex-m4 -mfpu=fpv4-sp-d16 -mfloat-abi=softfp -mthumb -D__NEWLIB__ -MMD -MP -MF"lwIP/src/core/dhcp.d" -MT"lwIP/src/core/dhcp.o" -MT"lwIP/src/core/dhcp.d" -o "lwIP/src/core/dhcp.o" "../lwIP/src/core/dhcp.c"
Finished building: ../lwIP/src/core/dhcp.c
 
Building file: ../lwIP/src/core/dns.c
Invoking: MCU C Compiler
arm-none-eabi-gcc -D__MULTICORE_NONE -DDEBUG -D__CODE_RED -DCORE_M4 -D__LPC43XX__ -D__NEWLIB__ -I"/home/pato/Embebidos/TpFinal/Workspaces/TpFinal/Webserver/Control/inc" -I"/home/pato/Embebidos/TpFinal/Workspaces/TpFinal/Webserver/lwIP/inc/ipv4" -I"/home/pato/Embebidos/TpFinal/Workspaces/TpFinal/Webserver/freeRTOS/inc" -I"/home/pato/Embebidos/TpFinal/Workspaces/TpFinal/Webserver/HAL/Board/inc" -I"/home/pato/Embebidos/TpFinal/Workspaces/TpFinal/Webserver/HAL/Chip/inc" -I"/home/pato/Embebidos/TpFinal/Workspaces/TpFinal/Webserver/HAL/Chip/inc/usbd" -I"/home/pato/Embebidos/TpFinal/Workspaces/TpFinal/Webserver/lwIP/inc" -I/usr/local/lpcxpresso_8.0.0_526/lpcxpresso/tools/arm-none-eabi/include -O0 -g3 -Wall -c -fmessage-length=0 -fno-builtin -ffunction-sections -fdata-sections -fsingle-precision-constant -mcpu=cortex-m4 -mfpu=fpv4-sp-d16 -mfloat-abi=softfp -mthumb -D__NEWLIB__ -MMD -MP -MF"lwIP/src/core/dns.d" -MT"lwIP/src/core/dns.o" -MT"lwIP/src/core/dns.d" -o "lwIP/src/core/dns.o" "../lwIP/src/core/dns.c"
Finished building: ../lwIP/src/core/dns.c
 
Building file: ../lwIP/src/core/init.c
Invoking: MCU C Compiler
arm-none-eabi-gcc -D__MULTICORE_NONE -DDEBUG -D__CODE_RED -DCORE_M4 -D__LPC43XX__ -D__NEWLIB__ -I"/home/pato/Embebidos/TpFinal/Workspaces/TpFinal/Webserver/Control/inc" -I"/home/pato/Embebidos/TpFinal/Workspaces/TpFinal/Webserver/lwIP/inc/ipv4" -I"/home/pato/Embebidos/TpFinal/Workspaces/TpFinal/Webserver/freeRTOS/inc" -I"/home/pato/Embebidos/TpFinal/Workspaces/TpFinal/Webserver/HAL/Board/inc" -I"/home/pato/Embebidos/TpFinal/Workspaces/TpFinal/Webserver/HAL/Chip/inc" -I"/home/pato/Embebidos/TpFinal/Workspaces/TpFinal/Webserver/HAL/Chip/inc/usbd" -I"/home/pato/Embebidos/TpFinal/Workspaces/TpFinal/Webserver/lwIP/inc" -I/usr/local/lpcxpresso_8.0.0_526/lpcxpresso/tools/arm-none-eabi/include -O0 -g3 -Wall -c -fmessage-length=0 -fno-builtin -ffunction-sections -fdata-sections -fsingle-precision-constant -mcpu=cortex-m4 -mfpu=fpv4-sp-d16 -mfloat-abi=softfp -mthumb -D__NEWLIB__ -MMD -MP -MF"lwIP/src/core/init.d" -MT"lwIP/src/core/init.o" -MT"lwIP/src/core/init.d" -o "lwIP/src/core/init.o" "../lwIP/src/core/init.c"
Finished building: ../lwIP/src/core/init.c
 
Building file: ../lwIP/src/core/mem.c
Invoking: MCU C Compiler
arm-none-eabi-gcc -D__MULTICORE_NONE -DDEBUG -D__CODE_RED -DCORE_M4 -D__LPC43XX__ -D__NEWLIB__ -I"/home/pato/Embebidos/TpFinal/Workspaces/TpFinal/Webserver/Control/inc" -I"/home/pato/Embebidos/TpFinal/Workspaces/TpFinal/Webserver/lwIP/inc/ipv4" -I"/home/pato/Embebidos/TpFinal/Workspaces/TpFinal/Webserver/freeRTOS/inc" -I"/home/pato/Embebidos/TpFinal/Workspaces/TpFinal/Webserver/HAL/Board/inc" -I"/home/pato/Embebidos/TpFinal/Workspaces/TpFinal/Webserver/HAL/Chip/inc" -I"/home/pato/Embebidos/TpFinal/Workspaces/TpFinal/Webserver/HAL/Chip/inc/usbd" -I"/home/pato/Embebidos/TpFinal/Workspaces/TpFinal/Webserver/lwIP/inc" -I/usr/local/lpcxpresso_8.0.0_526/lpcxpresso/tools/arm-none-eabi/include -O0 -g3 -Wall -c -fmessage-length=0 -fno-builtin -ffunction-sections -fdata-sections -fsingle-precision-constant -mcpu=cortex-m4 -mfpu=fpv4-sp-d16 -mfloat-abi=softfp -mthumb -D__NEWLIB__ -MMD -MP -MF"lwIP/src/core/mem.d" -MT"lwIP/src/core/mem.o" -MT"lwIP/src/core/mem.d" -o "lwIP/src/core/mem.o" "../lwIP/src/core/mem.c"
Finished building: ../lwIP/src/core/mem.c
 
Building file: ../lwIP/src/core/memp.c
Invoking: MCU C Compiler
arm-none-eabi-gcc -D__MULTICORE_NONE -DDEBUG -D__CODE_RED -DCORE_M4 -D__LPC43XX__ -D__NEWLIB__ -I"/home/pato/Embebidos/TpFinal/Workspaces/TpFinal/Webserver/Control/inc" -I"/home/pato/Embebidos/TpFinal/Workspaces/TpFinal/Webserver/lwIP/inc/ipv4" -I"/home/pato/Embebidos/TpFinal/Workspaces/TpFinal/Webserver/freeRTOS/inc" -I"/home/pato/Embebidos/TpFinal/Workspaces/TpFinal/Webserver/HAL/Board/inc" -I"/home/pato/Embebidos/TpFinal/Workspaces/TpFinal/Webserver/HAL/Chip/inc" -I"/home/pato/Embebidos/TpFinal/Workspaces/TpFinal/Webserver/HAL/Chip/inc/usbd" -I"/home/pato/Embebidos/TpFinal/Workspaces/TpFinal/Webserver/lwIP/inc" -I/usr/local/lpcxpresso_8.0.0_526/lpcxpresso/tools/arm-none-eabi/include -O0 -g3 -Wall -c -fmessage-length=0 -fno-builtin -ffunction-sections -fdata-sections -fsingle-precision-constant -mcpu=cortex-m4 -mfpu=fpv4-sp-d16 -mfloat-abi=softfp -mthumb -D__NEWLIB__ -MMD -MP -MF"lwIP/src/core/memp.d" -MT"lwIP/src/core/memp.o" -MT"lwIP/src/core/memp.d" -o "lwIP/src/core/memp.o" "../lwIP/src/core/memp.c"
Finished building: ../lwIP/src/core/memp.c
 
Building file: ../lwIP/src/core/netif.c
Invoking: MCU C Compiler
arm-none-eabi-gcc -D__MULTICORE_NONE -DDEBUG -D__CODE_RED -DCORE_M4 -D__LPC43XX__ -D__NEWLIB__ -I"/home/pato/Embebidos/TpFinal/Workspaces/TpFinal/Webserver/Control/inc" -I"/home/pato/Embebidos/TpFinal/Workspaces/TpFinal/Webserver/lwIP/inc/ipv4" -I"/home/pato/Embebidos/TpFinal/Workspaces/TpFinal/Webserver/freeRTOS/inc" -I"/home/pato/Embebidos/TpFinal/Workspaces/TpFinal/Webserver/HAL/Board/inc" -I"/home/pato/Embebidos/TpFinal/Workspaces/TpFinal/Webserver/HAL/Chip/inc" -I"/home/pato/Embebidos/TpFinal/Workspaces/TpFinal/Webserver/HAL/Chip/inc/usbd" -I"/home/pato/Embebidos/TpFinal/Workspaces/TpFinal/Webserver/lwIP/inc" -I/usr/local/lpcxpresso_8.0.0_526/lpcxpresso/tools/arm-none-eabi/include -O0 -g3 -Wall -c -fmessage-length=0 -fno-builtin -ffunction-sections -fdata-sections -fsingle-precision-constant -mcpu=cortex-m4 -mfpu=fpv4-sp-d16 -mfloat-abi=softfp -mthumb -D__NEWLIB__ -MMD -MP -MF"lwIP/src/core/netif.d" -MT"lwIP/src/core/netif.o" -MT"lwIP/src/core/netif.d" -o "lwIP/src/core/netif.o" "../lwIP/src/core/netif.c"
Finished building: ../lwIP/src/core/netif.c
 
Building file: ../lwIP/src/core/pbuf.c
Invoking: MCU C Compiler
arm-none-eabi-gcc -D__MULTICORE_NONE -DDEBUG -D__CODE_RED -DCORE_M4 -D__LPC43XX__ -D__NEWLIB__ -I"/home/pato/Embebidos/TpFinal/Workspaces/TpFinal/Webserver/Control/inc" -I"/home/pato/Embebidos/TpFinal/Workspaces/TpFinal/Webserver/lwIP/inc/ipv4" -I"/home/pato/Embebidos/TpFinal/Workspaces/TpFinal/Webserver/freeRTOS/inc" -I"/home/pato/Embebidos/TpFinal/Workspaces/TpFinal/Webserver/HAL/Board/inc" -I"/home/pato/Embebidos/TpFinal/Workspaces/TpFinal/Webserver/HAL/Chip/inc" -I"/home/pato/Embebidos/TpFinal/Workspaces/TpFinal/Webserver/HAL/Chip/inc/usbd" -I"/home/pato/Embebidos/TpFinal/Workspaces/TpFinal/Webserver/lwIP/inc" -I/usr/local/lpcxpresso_8.0.0_526/lpcxpresso/tools/arm-none-eabi/include -O0 -g3 -Wall -c -fmessage-length=0 -fno-builtin -ffunction-sections -fdata-sections -fsingle-precision-constant -mcpu=cortex-m4 -mfpu=fpv4-sp-d16 -mfloat-abi=softfp -mthumb -D__NEWLIB__ -MMD -MP -MF"lwIP/src/core/pbuf.d" -MT"lwIP/src/core/pbuf.o" -MT"lwIP/src/core/pbuf.d" -o "lwIP/src/core/pbuf.o" "../lwIP/src/core/pbuf.c"
Finished building: ../lwIP/src/core/pbuf.c
 
Building file: ../lwIP/src/core/raw.c
Invoking: MCU C Compiler
arm-none-eabi-gcc -D__MULTICORE_NONE -DDEBUG -D__CODE_RED -DCORE_M4 -D__LPC43XX__ -D__NEWLIB__ -I"/home/pato/Embebidos/TpFinal/Workspaces/TpFinal/Webserver/Control/inc" -I"/home/pato/Embebidos/TpFinal/Workspaces/TpFinal/Webserver/lwIP/inc/ipv4" -I"/home/pato/Embebidos/TpFinal/Workspaces/TpFinal/Webserver/freeRTOS/inc" -I"/home/pato/Embebidos/TpFinal/Workspaces/TpFinal/Webserver/HAL/Board/inc" -I"/home/pato/Embebidos/TpFinal/Workspaces/TpFinal/Webserver/HAL/Chip/inc" -I"/home/pato/Embebidos/TpFinal/Workspaces/TpFinal/Webserver/HAL/Chip/inc/usbd" -I"/home/pato/Embebidos/TpFinal/Workspaces/TpFinal/Webserver/lwIP/inc" -I/usr/local/lpcxpresso_8.0.0_526/lpcxpresso/tools/arm-none-eabi/include -O0 -g3 -Wall -c -fmessage-length=0 -fno-builtin -ffunction-sections -fdata-sections -fsingle-precision-constant -mcpu=cortex-m4 -mfpu=fpv4-sp-d16 -mfloat-abi=softfp -mthumb -D__NEWLIB__ -MMD -MP -MF"lwIP/src/core/raw.d" -MT"lwIP/src/core/raw.o" -MT"lwIP/src/core/raw.d" -o "lwIP/src/core/raw.o" "../lwIP/src/core/raw.c"
Finished building: ../lwIP/src/core/raw.c
 
Building file: ../lwIP/src/core/stats.c
Invoking: MCU C Compiler
arm-none-eabi-gcc -D__MULTICORE_NONE -DDEBUG -D__CODE_RED -DCORE_M4 -D__LPC43XX__ -D__NEWLIB__ -I"/home/pato/Embebidos/TpFinal/Workspaces/TpFinal/Webserver/Control/inc" -I"/home/pato/Embebidos/TpFinal/Workspaces/TpFinal/Webserver/lwIP/inc/ipv4" -I"/home/pato/Embebidos/TpFinal/Workspaces/TpFinal/Webserver/freeRTOS/inc" -I"/home/pato/Embebidos/TpFinal/Workspaces/TpFinal/Webserver/HAL/Board/inc" -I"/home/pato/Embebidos/TpFinal/Workspaces/TpFinal/Webserver/HAL/Chip/inc" -I"/home/pato/Embebidos/TpFinal/Workspaces/TpFinal/Webserver/HAL/Chip/inc/usbd" -I"/home/pato/Embebidos/TpFinal/Workspaces/TpFinal/Webserver/lwIP/inc" -I/usr/local/lpcxpresso_8.0.0_526/lpcxpresso/tools/arm-none-eabi/include -O0 -g3 -Wall -c -fmessage-length=0 -fno-builtin -ffunction-sections -fdata-sections -fsingle-precision-constant -mcpu=cortex-m4 -mfpu=fpv4-sp-d16 -mfloat-abi=softfp -mthumb -D__NEWLIB__ -MMD -MP -MF"lwIP/src/core/stats.d" -MT"lwIP/src/core/stats.o" -MT"lwIP/src/core/stats.d" -o "lwIP/src/core/stats.o" "../lwIP/src/core/stats.c"
Finished building: ../lwIP/src/core/stats.c
 
Building file: ../lwIP/src/core/sys.c
Invoking: MCU C Compiler
arm-none-eabi-gcc -D__MULTICORE_NONE -DDEBUG -D__CODE_RED -DCORE_M4 -D__LPC43XX__ -D__NEWLIB__ -I"/home/pato/Embebidos/TpFinal/Workspaces/TpFinal/Webserver/Control/inc" -I"/home/pato/Embebidos/TpFinal/Workspaces/TpFinal/Webserver/lwIP/inc/ipv4" -I"/home/pato/Embebidos/TpFinal/Workspaces/TpFinal/Webserver/freeRTOS/inc" -I"/home/pato/Embebidos/TpFinal/Workspaces/TpFinal/Webserver/HAL/Board/inc" -I"/home/pato/Embebidos/TpFinal/Workspaces/TpFinal/Webserver/HAL/Chip/inc" -I"/home/pato/Embebidos/TpFinal/Workspaces/TpFinal/Webserver/HAL/Chip/inc/usbd" -I"/home/pato/Embebidos/TpFinal/Workspaces/TpFinal/Webserver/lwIP/inc" -I/usr/local/lpcxpresso_8.0.0_526/lpcxpresso/tools/arm-none-eabi/include -O0 -g3 -Wall -c -fmessage-length=0 -fno-builtin -ffunction-sections -fdata-sections -fsingle-precision-constant -mcpu=cortex-m4 -mfpu=fpv4-sp-d16 -mfloat-abi=softfp -mthumb -D__NEWLIB__ -MMD -MP -MF"lwIP/src/core/sys.d" -MT"lwIP/src/core/sys.o" -MT"lwIP/src/core/sys.d" -o "lwIP/src/core/sys.o" "../lwIP/src/core/sys.c"
Finished building: ../lwIP/src/core/sys.c
 
Building file: ../lwIP/src/core/tcp.c
Invoking: MCU C Compiler
arm-none-eabi-gcc -D__MULTICORE_NONE -DDEBUG -D__CODE_RED -DCORE_M4 -D__LPC43XX__ -D__NEWLIB__ -I"/home/pato/Embebidos/TpFinal/Workspaces/TpFinal/Webserver/Control/inc" -I"/home/pato/Embebidos/TpFinal/Workspaces/TpFinal/Webserver/lwIP/inc/ipv4" -I"/home/pato/Embebidos/TpFinal/Workspaces/TpFinal/Webserver/freeRTOS/inc" -I"/home/pato/Embebidos/TpFinal/Workspaces/TpFinal/Webserver/HAL/Board/inc" -I"/home/pato/Embebidos/TpFinal/Workspaces/TpFinal/Webserver/HAL/Chip/inc" -I"/home/pato/Embebidos/TpFinal/Workspaces/TpFinal/Webserver/HAL/Chip/inc/usbd" -I"/home/pato/Embebidos/TpFinal/Workspaces/TpFinal/Webserver/lwIP/inc" -I/usr/local/lpcxpresso_8.0.0_526/lpcxpresso/tools/arm-none-eabi/include -O0 -g3 -Wall -c -fmessage-length=0 -fno-builtin -ffunction-sections -fdata-sections -fsingle-precision-constant -mcpu=cortex-m4 -mfpu=fpv4-sp-d16 -mfloat-abi=softfp -mthumb -D__NEWLIB__ -MMD -MP -MF"lwIP/src/core/tcp.d" -MT"lwIP/src/core/tcp.o" -MT"lwIP/src/core/tcp.d" -o "lwIP/src/core/tcp.o" "../lwIP/src/core/tcp.c"
Finished building: ../lwIP/src/core/tcp.c
 
Building file: ../lwIP/src/core/tcp_in.c
Invoking: MCU C Compiler
arm-none-eabi-gcc -D__MULTICORE_NONE -DDEBUG -D__CODE_RED -DCORE_M4 -D__LPC43XX__ -D__NEWLIB__ -I"/home/pato/Embebidos/TpFinal/Workspaces/TpFinal/Webserver/Control/inc" -I"/home/pato/Embebidos/TpFinal/Workspaces/TpFinal/Webserver/lwIP/inc/ipv4" -I"/home/pato/Embebidos/TpFinal/Workspaces/TpFinal/Webserver/freeRTOS/inc" -I"/home/pato/Embebidos/TpFinal/Workspaces/TpFinal/Webserver/HAL/Board/inc" -I"/home/pato/Embebidos/TpFinal/Workspaces/TpFinal/Webserver/HAL/Chip/inc" -I"/home/pato/Embebidos/TpFinal/Workspaces/TpFinal/Webserver/HAL/Chip/inc/usbd" -I"/home/pato/Embebidos/TpFinal/Workspaces/TpFinal/Webserver/lwIP/inc" -I/usr/local/lpcxpresso_8.0.0_526/lpcxpresso/tools/arm-none-eabi/include -O0 -g3 -Wall -c -fmessage-length=0 -fno-builtin -ffunction-sections -fdata-sections -fsingle-precision-constant -mcpu=cortex-m4 -mfpu=fpv4-sp-d16 -mfloat-abi=softfp -mthumb -D__NEWLIB__ -MMD -MP -MF"lwIP/src/core/tcp_in.d" -MT"lwIP/src/core/tcp_in.o" -MT"lwIP/src/core/tcp_in.d" -o "lwIP/src/core/tcp_in.o" "../lwIP/src/core/tcp_in.c"
Finished building: ../lwIP/src/core/tcp_in.c
 
Building file: ../lwIP/src/core/tcp_out.c
Invoking: MCU C Compiler
arm-none-eabi-gcc -D__MULTICORE_NONE -DDEBUG -D__CODE_RED -DCORE_M4 -D__LPC43XX__ -D__NEWLIB__ -I"/home/pato/Embebidos/TpFinal/Workspaces/TpFinal/Webserver/Control/inc" -I"/home/pato/Embebidos/TpFinal/Workspaces/TpFinal/Webserver/lwIP/inc/ipv4" -I"/home/pato/Embebidos/TpFinal/Workspaces/TpFinal/Webserver/freeRTOS/inc" -I"/home/pato/Embebidos/TpFinal/Workspaces/TpFinal/Webserver/HAL/Board/inc" -I"/home/pato/Embebidos/TpFinal/Workspaces/TpFinal/Webserver/HAL/Chip/inc" -I"/home/pato/Embebidos/TpFinal/Workspaces/TpFinal/Webserver/HAL/Chip/inc/usbd" -I"/home/pato/Embebidos/TpFinal/Workspaces/TpFinal/Webserver/lwIP/inc" -I/usr/local/lpcxpresso_8.0.0_526/lpcxpresso/tools/arm-none-eabi/include -O0 -g3 -Wall -c -fmessage-length=0 -fno-builtin -ffunction-sections -fdata-sections -fsingle-precision-constant -mcpu=cortex-m4 -mfpu=fpv4-sp-d16 -mfloat-abi=softfp -mthumb -D__NEWLIB__ -MMD -MP -MF"lwIP/src/core/tcp_out.d" -MT"lwIP/src/core/tcp_out.o" -MT"lwIP/src/core/tcp_out.d" -o "lwIP/src/core/tcp_out.o" "../lwIP/src/core/tcp_out.c"
Finished building: ../lwIP/src/core/tcp_out.c
 
Building file: ../lwIP/src/core/timers.c
Invoking: MCU C Compiler
arm-none-eabi-gcc -D__MULTICORE_NONE -DDEBUG -D__CODE_RED -DCORE_M4 -D__LPC43XX__ -D__NEWLIB__ -I"/home/pato/Embebidos/TpFinal/Workspaces/TpFinal/Webserver/Control/inc" -I"/home/pato/Embebidos/TpFinal/Workspaces/TpFinal/Webserver/lwIP/inc/ipv4" -I"/home/pato/Embebidos/TpFinal/Workspaces/TpFinal/Webserver/freeRTOS/inc" -I"/home/pato/Embebidos/TpFinal/Workspaces/TpFinal/Webserver/HAL/Board/inc" -I"/home/pato/Embebidos/TpFinal/Workspaces/TpFinal/Webserver/HAL/Chip/inc" -I"/home/pato/Embebidos/TpFinal/Workspaces/TpFinal/Webserver/HAL/Chip/inc/usbd" -I"/home/pato/Embebidos/TpFinal/Workspaces/TpFinal/Webserver/lwIP/inc" -I/usr/local/lpcxpresso_8.0.0_526/lpcxpresso/tools/arm-none-eabi/include -O0 -g3 -Wall -c -fmessage-length=0 -fno-builtin -ffunction-sections -fdata-sections -fsingle-precision-constant -mcpu=cortex-m4 -mfpu=fpv4-sp-d16 -mfloat-abi=softfp -mthumb -D__NEWLIB__ -MMD -MP -MF"lwIP/src/core/timers.d" -MT"lwIP/src/core/timers.o" -MT"lwIP/src/core/timers.d" -o "lwIP/src/core/timers.o" "../lwIP/src/core/timers.c"
Finished building: ../lwIP/src/core/timers.c
 
Building file: ../lwIP/src/core/udp.c
Invoking: MCU C Compiler
arm-none-eabi-gcc -D__MULTICORE_NONE -DDEBUG -D__CODE_RED -DCORE_M4 -D__LPC43XX__ -D__NEWLIB__ -I"/home/pato/Embebidos/TpFinal/Workspaces/TpFinal/Webserver/Control/inc" -I"/home/pato/Embebidos/TpFinal/Workspaces/TpFinal/Webserver/lwIP/inc/ipv4" -I"/home/pato/Embebidos/TpFinal/Workspaces/TpFinal/Webserver/freeRTOS/inc" -I"/home/pato/Embebidos/TpFinal/Workspaces/TpFinal/Webserver/HAL/Board/inc" -I"/home/pato/Embebidos/TpFinal/Workspaces/TpFinal/Webserver/HAL/Chip/inc" -I"/home/pato/Embebidos/TpFinal/Workspaces/TpFinal/Webserver/HAL/Chip/inc/usbd" -I"/home/pato/Embebidos/TpFinal/Workspaces/TpFinal/Webserver/lwIP/inc" -I/usr/local/lpcxpresso_8.0.0_526/lpcxpresso/tools/arm-none-eabi/include -O0 -g3 -Wall -c -fmessage-length=0 -fno-builtin -ffunction-sections -fdata-sections -fsingle-precision-constant -mcpu=cortex-m4 -mfpu=fpv4-sp-d16 -mfloat-abi=softfp -mthumb -D__NEWLIB__ -MMD -MP -MF"lwIP/src/core/udp.d" -MT"lwIP/src/core/udp.o" -MT"lwIP/src/core/udp.d" -o "lwIP/src/core/udp.o" "../lwIP/src/core/udp.c"
Finished building: ../lwIP/src/core/udp.c
 
Building file: ../lwIP/src/arch/lpc18xx_43xx_emac.c
Invoking: MCU C Compiler
arm-none-eabi-gcc -D__MULTICORE_NONE -DDEBUG -D__CODE_RED -DCORE_M4 -D__LPC43XX__ -D__NEWLIB__ -I"/home/pato/Embebidos/TpFinal/Workspaces/TpFinal/Webserver/Control/inc" -I"/home/pato/Embebidos/TpFinal/Workspaces/TpFinal/Webserver/lwIP/inc/ipv4" -I"/home/pato/Embebidos/TpFinal/Workspaces/TpFinal/Webserver/freeRTOS/inc" -I"/home/pato/Embebidos/TpFinal/Workspaces/TpFinal/Webserver/HAL/Board/inc" -I"/home/pato/Embebidos/TpFinal/Workspaces/TpFinal/Webserver/HAL/Chip/inc" -I"/home/pato/Embebidos/TpFinal/Workspaces/TpFinal/Webserver/HAL/Chip/inc/usbd" -I"/home/pato/Embebidos/TpFinal/Workspaces/TpFinal/Webserver/lwIP/inc" -I/usr/local/lpcxpresso_8.0.0_526/lpcxpresso/tools/arm-none-eabi/include -O0 -g3 -Wall -c -fmessage-length=0 -fno-builtin -ffunction-sections -fdata-sections -fsingle-precision-constant -mcpu=cortex-m4 -mfpu=fpv4-sp-d16 -mfloat-abi=softfp -mthumb -D__NEWLIB__ -MMD -MP -MF"lwIP/src/arch/lpc18xx_43xx_emac.d" -MT"lwIP/src/arch/lpc18xx_43xx_emac.o" -MT"lwIP/src/arch/lpc18xx_43xx_emac.d" -o "lwIP/src/arch/lpc18xx_43xx_emac.o" "../lwIP/src/arch/lpc18xx_43xx_emac.c"
Finished building: ../lwIP/src/arch/lpc18xx_43xx_emac.c
 
Building file: ../lwIP/src/arch/lpc_debug.c
Invoking: MCU C Compiler
arm-none-eabi-gcc -D__MULTICORE_NONE -DDEBUG -D__CODE_RED -DCORE_M4 -D__LPC43XX__ -D__NEWLIB__ -I"/home/pato/Embebidos/TpFinal/Workspaces/TpFinal/Webserver/Control/inc" -I"/home/pato/Embebidos/TpFinal/Workspaces/TpFinal/Webserver/lwIP/inc/ipv4" -I"/home/pato/Embebidos/TpFinal/Workspaces/TpFinal/Webserver/freeRTOS/inc" -I"/home/pato/Embebidos/TpFinal/Workspaces/TpFinal/Webserver/HAL/Board/inc" -I"/home/pato/Embebidos/TpFinal/Workspaces/TpFinal/Webserver/HAL/Chip/inc" -I"/home/pato/Embebidos/TpFinal/Workspaces/TpFinal/Webserver/HAL/Chip/inc/usbd" -I"/home/pato/Embebidos/TpFinal/Workspaces/TpFinal/Webserver/lwIP/inc" -I/usr/local/lpcxpresso_8.0.0_526/lpcxpresso/tools/arm-none-eabi/include -O0 -g3 -Wall -c -fmessage-length=0 -fno-builtin -ffunction-sections -fdata-sections -fsingle-precision-constant -mcpu=cortex-m4 -mfpu=fpv4-sp-d16 -mfloat-abi=softfp -mthumb -D__NEWLIB__ -MMD -MP -MF"lwIP/src/arch/lpc_debug.d" -MT"lwIP/src/arch/lpc_debug.o" -MT"lwIP/src/arch/lpc_debug.d" -o "lwIP/src/arch/lpc_debug.o" "../lwIP/src/arch/lpc_debug.c"
Finished building: ../lwIP/src/arch/lpc_debug.c
 
Building file: ../lwIP/src/arch/sys_arch_freertos.c
Invoking: MCU C Compiler
arm-none-eabi-gcc -D__MULTICORE_NONE -DDEBUG -D__CODE_RED -DCORE_M4 -D__LPC43XX__ -D__NEWLIB__ -I"/home/pato/Embebidos/TpFinal/Workspaces/TpFinal/Webserver/Control/inc" -I"/home/pato/Embebidos/TpFinal/Workspaces/TpFinal/Webserver/lwIP/inc/ipv4" -I"/home/pato/Embebidos/TpFinal/Workspaces/TpFinal/Webserver/freeRTOS/inc" -I"/home/pato/Embebidos/TpFinal/Workspaces/TpFinal/Webserver/HAL/Board/inc" -I"/home/pato/Embebidos/TpFinal/Workspaces/TpFinal/Webserver/HAL/Chip/inc" -I"/home/pato/Embebidos/TpFinal/Workspaces/TpFinal/Webserver/HAL/Chip/inc/usbd" -I"/home/pato/Embebidos/TpFinal/Workspaces/TpFinal/Webserver/lwIP/inc" -I/usr/local/lpcxpresso_8.0.0_526/lpcxpresso/tools/arm-none-eabi/include -O0 -g3 -Wall -c -fmessage-length=0 -fno-builtin -ffunction-sections -fdata-sections -fsingle-precision-constant -mcpu=cortex-m4 -mfpu=fpv4-sp-d16 -mfloat-abi=softfp -mthumb -D__NEWLIB__ -MMD -MP -MF"lwIP/src/arch/sys_arch_freertos.d" -MT"lwIP/src/arch/sys_arch_freertos.o" -MT"lwIP/src/arch/sys_arch_freertos.d" -o "lwIP/src/arch/sys_arch_freertos.o" "../lwIP/src/arch/sys_arch_freertos.c"
../lwIP/src/arch/sys_arch_freertos.c: In function 'sys_mbox_free':
../lwIP/src/arch/sys_arch_freertos.c:89:15: warning: variable 'ulMessagesWaiting' set but not used [-Wunused-but-set-variable]
 unsigned long ulMessagesWaiting;
               ^
Finished building: ../lwIP/src/arch/sys_arch_freertos.c
 
Building file: ../lwIP/src/api/api_lib.c
Invoking: MCU C Compiler
arm-none-eabi-gcc -D__MULTICORE_NONE -DDEBUG -D__CODE_RED -DCORE_M4 -D__LPC43XX__ -D__NEWLIB__ -I"/home/pato/Embebidos/TpFinal/Workspaces/TpFinal/Webserver/Control/inc" -I"/home/pato/Embebidos/TpFinal/Workspaces/TpFinal/Webserver/lwIP/inc/ipv4" -I"/home/pato/Embebidos/TpFinal/Workspaces/TpFinal/Webserver/freeRTOS/inc" -I"/home/pato/Embebidos/TpFinal/Workspaces/TpFinal/Webserver/HAL/Board/inc" -I"/home/pato/Embebidos/TpFinal/Workspaces/TpFinal/Webserver/HAL/Chip/inc" -I"/home/pato/Embebidos/TpFinal/Workspaces/TpFinal/Webserver/HAL/Chip/inc/usbd" -I"/home/pato/Embebidos/TpFinal/Workspaces/TpFinal/Webserver/lwIP/inc" -I/usr/local/lpcxpresso_8.0.0_526/lpcxpresso/tools/arm-none-eabi/include -O0 -g3 -Wall -c -fmessage-length=0 -fno-builtin -ffunction-sections -fdata-sections -fsingle-precision-constant -mcpu=cortex-m4 -mfpu=fpv4-sp-d16 -mfloat-abi=softfp -mthumb -D__NEWLIB__ -MMD -MP -MF"lwIP/src/api/api_lib.d" -MT"lwIP/src/api/api_lib.o" -MT"lwIP/src/api/api_lib.d" -o "lwIP/src/api/api_lib.o" "../lwIP/src/api/api_lib.c"
Finished building: ../lwIP/src/api/api_lib.c
 
Building file: ../lwIP/src/api/api_msg.c
Invoking: MCU C Compiler
arm-none-eabi-gcc -D__MULTICORE_NONE -DDEBUG -D__CODE_RED -DCORE_M4 -D__LPC43XX__ -D__NEWLIB__ -I"/home/pato/Embebidos/TpFinal/Workspaces/TpFinal/Webserver/Control/inc" -I"/home/pato/Embebidos/TpFinal/Workspaces/TpFinal/Webserver/lwIP/inc/ipv4" -I"/home/pato/Embebidos/TpFinal/Workspaces/TpFinal/Webserver/freeRTOS/inc" -I"/home/pato/Embebidos/TpFinal/Workspaces/TpFinal/Webserver/HAL/Board/inc" -I"/home/pato/Embebidos/TpFinal/Workspaces/TpFinal/Webserver/HAL/Chip/inc" -I"/home/pato/Embebidos/TpFinal/Workspaces/TpFinal/Webserver/HAL/Chip/inc/usbd" -I"/home/pato/Embebidos/TpFinal/Workspaces/TpFinal/Webserver/lwIP/inc" -I/usr/local/lpcxpresso_8.0.0_526/lpcxpresso/tools/arm-none-eabi/include -O0 -g3 -Wall -c -fmessage-length=0 -fno-builtin -ffunction-sections -fdata-sections -fsingle-precision-constant -mcpu=cortex-m4 -mfpu=fpv4-sp-d16 -mfloat-abi=softfp -mthumb -D__NEWLIB__ -MMD -MP -MF"lwIP/src/api/api_msg.d" -MT"lwIP/src/api/api_msg.o" -MT"lwIP/src/api/api_msg.d" -o "lwIP/src/api/api_msg.o" "../lwIP/src/api/api_msg.c"
Finished building: ../lwIP/src/api/api_msg.c
 
Building file: ../lwIP/src/api/err.c
Invoking: MCU C Compiler
arm-none-eabi-gcc -D__MULTICORE_NONE -DDEBUG -D__CODE_RED -DCORE_M4 -D__LPC43XX__ -D__NEWLIB__ -I"/home/pato/Embebidos/TpFinal/Workspaces/TpFinal/Webserver/Control/inc" -I"/home/pato/Embebidos/TpFinal/Workspaces/TpFinal/Webserver/lwIP/inc/ipv4" -I"/home/pato/Embebidos/TpFinal/Workspaces/TpFinal/Webserver/freeRTOS/inc" -I"/home/pato/Embebidos/TpFinal/Workspaces/TpFinal/Webserver/HAL/Board/inc" -I"/home/pato/Embebidos/TpFinal/Workspaces/TpFinal/Webserver/HAL/Chip/inc" -I"/home/pato/Embebidos/TpFinal/Workspaces/TpFinal/Webserver/HAL/Chip/inc/usbd" -I"/home/pato/Embebidos/TpFinal/Workspaces/TpFinal/Webserver/lwIP/inc" -I/usr/local/lpcxpresso_8.0.0_526/lpcxpresso/tools/arm-none-eabi/include -O0 -g3 -Wall -c -fmessage-length=0 -fno-builtin -ffunction-sections -fdata-sections -fsingle-precision-constant -mcpu=cortex-m4 -mfpu=fpv4-sp-d16 -mfloat-abi=softfp -mthumb -D__NEWLIB__ -MMD -MP -MF"lwIP/src/api/err.d" -MT"lwIP/src/api/err.o" -MT"lwIP/src/api/err.d" -o "lwIP/src/api/err.o" "../lwIP/src/api/err.c"
Finished building: ../lwIP/src/api/err.c
 
Building file: ../lwIP/src/api/netbuf.c
Invoking: MCU C Compiler
arm-none-eabi-gcc -D__MULTICORE_NONE -DDEBUG -D__CODE_RED -DCORE_M4 -D__LPC43XX__ -D__NEWLIB__ -I"/home/pato/Embebidos/TpFinal/Workspaces/TpFinal/Webserver/Control/inc" -I"/home/pato/Embebidos/TpFinal/Workspaces/TpFinal/Webserver/lwIP/inc/ipv4" -I"/home/pato/Embebidos/TpFinal/Workspaces/TpFinal/Webserver/freeRTOS/inc" -I"/home/pato/Embebidos/TpFinal/Workspaces/TpFinal/Webserver/HAL/Board/inc" -I"/home/pato/Embebidos/TpFinal/Workspaces/TpFinal/Webserver/HAL/Chip/inc" -I"/home/pato/Embebidos/TpFinal/Workspaces/TpFinal/Webserver/HAL/Chip/inc/usbd" -I"/home/pato/Embebidos/TpFinal/Workspaces/TpFinal/Webserver/lwIP/inc" -I/usr/local/lpcxpresso_8.0.0_526/lpcxpresso/tools/arm-none-eabi/include -O0 -g3 -Wall -c -fmessage-length=0 -fno-builtin -ffunction-sections -fdata-sections -fsingle-precision-constant -mcpu=cortex-m4 -mfpu=fpv4-sp-d16 -mfloat-abi=softfp -mthumb -D__NEWLIB__ -MMD -MP -MF"lwIP/src/api/netbuf.d" -MT"lwIP/src/api/netbuf.o" -MT"lwIP/src/api/netbuf.d" -o "lwIP/src/api/netbuf.o" "../lwIP/src/api/netbuf.c"
Finished building: ../lwIP/src/api/netbuf.c
 
Building file: ../lwIP/src/api/netdb.c
Invoking: MCU C Compiler
arm-none-eabi-gcc -D__MULTICORE_NONE -DDEBUG -D__CODE_RED -DCORE_M4 -D__LPC43XX__ -D__NEWLIB__ -I"/home/pato/Embebidos/TpFinal/Workspaces/TpFinal/Webserver/Control/inc" -I"/home/pato/Embebidos/TpFinal/Workspaces/TpFinal/Webserver/lwIP/inc/ipv4" -I"/home/pato/Embebidos/TpFinal/Workspaces/TpFinal/Webserver/freeRTOS/inc" -I"/home/pato/Embebidos/TpFinal/Workspaces/TpFinal/Webserver/HAL/Board/inc" -I"/home/pato/Embebidos/TpFinal/Workspaces/TpFinal/Webserver/HAL/Chip/inc" -I"/home/pato/Embebidos/TpFinal/Workspaces/TpFinal/Webserver/HAL/Chip/inc/usbd" -I"/home/pato/Embebidos/TpFinal/Workspaces/TpFinal/Webserver/lwIP/inc" -I/usr/local/lpcxpresso_8.0.0_526/lpcxpresso/tools/arm-none-eabi/include -O0 -g3 -Wall -c -fmessage-length=0 -fno-builtin -ffunction-sections -fdata-sections -fsingle-precision-constant -mcpu=cortex-m4 -mfpu=fpv4-sp-d16 -mfloat-abi=softfp -mthumb -D__NEWLIB__ -MMD -MP -MF"lwIP/src/api/netdb.d" -MT"lwIP/src/api/netdb.o" -MT"lwIP/src/api/netdb.d" -o "lwIP/src/api/netdb.o" "../lwIP/src/api/netdb.c"
Finished building: ../lwIP/src/api/netdb.c
 
Building file: ../lwIP/src/api/netifapi.c
Invoking: MCU C Compiler
arm-none-eabi-gcc -D__MULTICORE_NONE -DDEBUG -D__CODE_RED -DCORE_M4 -D__LPC43XX__ -D__NEWLIB__ -I"/home/pato/Embebidos/TpFinal/Workspaces/TpFinal/Webserver/Control/inc" -I"/home/pato/Embebidos/TpFinal/Workspaces/TpFinal/Webserver/lwIP/inc/ipv4" -I"/home/pato/Embebidos/TpFinal/Workspaces/TpFinal/Webserver/freeRTOS/inc" -I"/home/pato/Embebidos/TpFinal/Workspaces/TpFinal/Webserver/HAL/Board/inc" -I"/home/pato/Embebidos/TpFinal/Workspaces/TpFinal/Webserver/HAL/Chip/inc" -I"/home/pato/Embebidos/TpFinal/Workspaces/TpFinal/Webserver/HAL/Chip/inc/usbd" -I"/home/pato/Embebidos/TpFinal/Workspaces/TpFinal/Webserver/lwIP/inc" -I/usr/local/lpcxpresso_8.0.0_526/lpcxpresso/tools/arm-none-eabi/include -O0 -g3 -Wall -c -fmessage-length=0 -fno-builtin -ffunction-sections -fdata-sections -fsingle-precision-constant -mcpu=cortex-m4 -mfpu=fpv4-sp-d16 -mfloat-abi=softfp -mthumb -D__NEWLIB__ -MMD -MP -MF"lwIP/src/api/netifapi.d" -MT"lwIP/src/api/netifapi.o" -MT"lwIP/src/api/netifapi.d" -o "lwIP/src/api/netifapi.o" "../lwIP/src/api/netifapi.c"
Finished building: ../lwIP/src/api/netifapi.c
 
Building file: ../lwIP/src/api/sockets.c
Invoking: MCU C Compiler
arm-none-eabi-gcc -D__MULTICORE_NONE -DDEBUG -D__CODE_RED -DCORE_M4 -D__LPC43XX__ -D__NEWLIB__ -I"/home/pato/Embebidos/TpFinal/Workspaces/TpFinal/Webserver/Control/inc" -I"/home/pato/Embebidos/TpFinal/Workspaces/TpFinal/Webserver/lwIP/inc/ipv4" -I"/home/pato/Embebidos/TpFinal/Workspaces/TpFinal/Webserver/freeRTOS/inc" -I"/home/pato/Embebidos/TpFinal/Workspaces/TpFinal/Webserver/HAL/Board/inc" -I"/home/pato/Embebidos/TpFinal/Workspaces/TpFinal/Webserver/HAL/Chip/inc" -I"/home/pato/Embebidos/TpFinal/Workspaces/TpFinal/Webserver/HAL/Chip/inc/usbd" -I"/home/pato/Embebidos/TpFinal/Workspaces/TpFinal/Webserver/lwIP/inc" -I/usr/local/lpcxpresso_8.0.0_526/lpcxpresso/tools/arm-none-eabi/include -O0 -g3 -Wall -c -fmessage-length=0 -fno-builtin -ffunction-sections -fdata-sections -fsingle-precision-constant -mcpu=cortex-m4 -mfpu=fpv4-sp-d16 -mfloat-abi=softfp -mthumb -D__NEWLIB__ -MMD -MP -MF"lwIP/src/api/sockets.d" -MT"lwIP/src/api/sockets.o" -MT"lwIP/src/api/sockets.d" -o "lwIP/src/api/sockets.o" "../lwIP/src/api/sockets.c"
Finished building: ../lwIP/src/api/sockets.c
 
Building file: ../lwIP/src/api/tcpip.c
Invoking: MCU C Compiler
arm-none-eabi-gcc -D__MULTICORE_NONE -DDEBUG -D__CODE_RED -DCORE_M4 -D__LPC43XX__ -D__NEWLIB__ -I"/home/pato/Embebidos/TpFinal/Workspaces/TpFinal/Webserver/Control/inc" -I"/home/pato/Embebidos/TpFinal/Workspaces/TpFinal/Webserver/lwIP/inc/ipv4" -I"/home/pato/Embebidos/TpFinal/Workspaces/TpFinal/Webserver/freeRTOS/inc" -I"/home/pato/Embebidos/TpFinal/Workspaces/TpFinal/Webserver/HAL/Board/inc" -I"/home/pato/Embebidos/TpFinal/Workspaces/TpFinal/Webserver/HAL/Chip/inc" -I"/home/pato/Embebidos/TpFinal/Workspaces/TpFinal/Webserver/HAL/Chip/inc/usbd" -I"/home/pato/Embebidos/TpFinal/Workspaces/TpFinal/Webserver/lwIP/inc" -I/usr/local/lpcxpresso_8.0.0_526/lpcxpresso/tools/arm-none-eabi/include -O0 -g3 -Wall -c -fmessage-length=0 -fno-builtin -ffunction-sections -fdata-sections -fsingle-precision-constant -mcpu=cortex-m4 -mfpu=fpv4-sp-d16 -mfloat-abi=softfp -mthumb -D__NEWLIB__ -MMD -MP -MF"lwIP/src/api/tcpip.d" -MT"lwIP/src/api/tcpip.o" -MT"lwIP/src/api/tcpip.d" -o "lwIP/src/api/tcpip.o" "../lwIP/src/api/tcpip.c"
Finished building: ../lwIP/src/api/tcpip.c
 
Building file: ../freeRTOS/src/FreeRTOSCommonHooks.c
Invoking: MCU C Compiler
arm-none-eabi-gcc -D__MULTICORE_NONE -DDEBUG -D__CODE_RED -DCORE_M4 -D__LPC43XX__ -D__NEWLIB__ -I"/home/pato/Embebidos/TpFinal/Workspaces/TpFinal/Webserver/Control/inc" -I"/home/pato/Embebidos/TpFinal/Workspaces/TpFinal/Webserver/lwIP/inc/ipv4" -I"/home/pato/Embebidos/TpFinal/Workspaces/TpFinal/Webserver/freeRTOS/inc" -I"/home/pato/Embebidos/TpFinal/Workspaces/TpFinal/Webserver/HAL/Board/inc" -I"/home/pato/Embebidos/TpFinal/Workspaces/TpFinal/Webserver/HAL/Chip/inc" -I"/home/pato/Embebidos/TpFinal/Workspaces/TpFinal/Webserver/HAL/Chip/inc/usbd" -I"/home/pato/Embebidos/TpFinal/Workspaces/TpFinal/Webserver/lwIP/inc" -I/usr/local/lpcxpresso_8.0.0_526/lpcxpresso/tools/arm-none-eabi/include -O0 -g3 -Wall -c -fmessage-length=0 -fno-builtin -ffunction-sections -fdata-sections -fsingle-precision-constant -mcpu=cortex-m4 -mfpu=fpv4-sp-d16 -mfloat-abi=softfp -mthumb -D__NEWLIB__ -MMD -MP -MF"freeRTOS/src/FreeRTOSCommonHooks.d" -MT"freeRTOS/src/FreeRTOSCommonHooks.o" -MT"freeRTOS/src/FreeRTOSCommonHooks.d" -o "freeRTOS/src/FreeRTOSCommonHooks.o" "../freeRTOS/src/FreeRTOSCommonHooks.c"
Finished building: ../freeRTOS/src/FreeRTOSCommonHooks.c
 
Building file: ../freeRTOS/src/croutine.c
Invoking: MCU C Compiler
arm-none-eabi-gcc -D__MULTICORE_NONE -DDEBUG -D__CODE_RED -DCORE_M4 -D__LPC43XX__ -D__NEWLIB__ -I"/home/pato/Embebidos/TpFinal/Workspaces/TpFinal/Webserver/Control/inc" -I"/home/pato/Embebidos/TpFinal/Workspaces/TpFinal/Webserver/lwIP/inc/ipv4" -I"/home/pato/Embebidos/TpFinal/Workspaces/TpFinal/Webserver/freeRTOS/inc" -I"/home/pato/Embebidos/TpFinal/Workspaces/TpFinal/Webserver/HAL/Board/inc" -I"/home/pato/Embebidos/TpFinal/Workspaces/TpFinal/Webserver/HAL/Chip/inc" -I"/home/pato/Embebidos/TpFinal/Workspaces/TpFinal/Webserver/HAL/Chip/inc/usbd" -I"/home/pato/Embebidos/TpFinal/Workspaces/TpFinal/Webserver/lwIP/inc" -I/usr/local/lpcxpresso_8.0.0_526/lpcxpresso/tools/arm-none-eabi/include -O0 -g3 -Wall -c -fmessage-length=0 -fno-builtin -ffunction-sections -fdata-sections -fsingle-precision-constant -mcpu=cortex-m4 -mfpu=fpv4-sp-d16 -mfloat-abi=softfp -mthumb -D__NEWLIB__ -MMD -MP -MF"freeRTOS/src/croutine.d" -MT"freeRTOS/src/croutine.o" -MT"freeRTOS/src/croutine.d" -o "freeRTOS/src/croutine.o" "../freeRTOS/src/croutine.c"
Finished building: ../freeRTOS/src/croutine.c
 
Building file: ../freeRTOS/src/event_groups.c
Invoking: MCU C Compiler
arm-none-eabi-gcc -D__MULTICORE_NONE -DDEBUG -D__CODE_RED -DCORE_M4 -D__LPC43XX__ -D__NEWLIB__ -I"/home/pato/Embebidos/TpFinal/Workspaces/TpFinal/Webserver/Control/inc" -I"/home/pato/Embebidos/TpFinal/Workspaces/TpFinal/Webserver/lwIP/inc/ipv4" -I"/home/pato/Embebidos/TpFinal/Workspaces/TpFinal/Webserver/freeRTOS/inc" -I"/home/pato/Embebidos/TpFinal/Workspaces/TpFinal/Webserver/HAL/Board/inc" -I"/home/pato/Embebidos/TpFinal/Workspaces/TpFinal/Webserver/HAL/Chip/inc" -I"/home/pato/Embebidos/TpFinal/Workspaces/TpFinal/Webserver/HAL/Chip/inc/usbd" -I"/home/pato/Embebidos/TpFinal/Workspaces/TpFinal/Webserver/lwIP/inc" -I/usr/local/lpcxpresso_8.0.0_526/lpcxpresso/tools/arm-none-eabi/include -O0 -g3 -Wall -c -fmessage-length=0 -fno-builtin -ffunction-sections -fdata-sections -fsingle-precision-constant -mcpu=cortex-m4 -mfpu=fpv4-sp-d16 -mfloat-abi=softfp -mthumb -D__NEWLIB__ -MMD -MP -MF"freeRTOS/src/event_groups.d" -MT"freeRTOS/src/event_groups.o" -MT"freeRTOS/src/event_groups.d" -o "freeRTOS/src/event_groups.o" "../freeRTOS/src/event_groups.c"
Finished building: ../freeRTOS/src/event_groups.c
 
Building file: ../freeRTOS/src/heap_4.c
Invoking: MCU C Compiler
arm-none-eabi-gcc -D__MULTICORE_NONE -DDEBUG -D__CODE_RED -DCORE_M4 -D__LPC43XX__ -D__NEWLIB__ -I"/home/pato/Embebidos/TpFinal/Workspaces/TpFinal/Webserver/Control/inc" -I"/home/pato/Embebidos/TpFinal/Workspaces/TpFinal/Webserver/lwIP/inc/ipv4" -I"/home/pato/Embebidos/TpFinal/Workspaces/TpFinal/Webserver/freeRTOS/inc" -I"/home/pato/Embebidos/TpFinal/Workspaces/TpFinal/Webserver/HAL/Board/inc" -I"/home/pato/Embebidos/TpFinal/Workspaces/TpFinal/Webserver/HAL/Chip/inc" -I"/home/pato/Embebidos/TpFinal/Workspaces/TpFinal/Webserver/HAL/Chip/inc/usbd" -I"/home/pato/Embebidos/TpFinal/Workspaces/TpFinal/Webserver/lwIP/inc" -I/usr/local/lpcxpresso_8.0.0_526/lpcxpresso/tools/arm-none-eabi/include -O0 -g3 -Wall -c -fmessage-length=0 -fno-builtin -ffunction-sections -fdata-sections -fsingle-precision-constant -mcpu=cortex-m4 -mfpu=fpv4-sp-d16 -mfloat-abi=softfp -mthumb -D__NEWLIB__ -MMD -MP -MF"freeRTOS/src/heap_4.d" -MT"freeRTOS/src/heap_4.o" -MT"freeRTOS/src/heap_4.d" -o "freeRTOS/src/heap_4.o" "../freeRTOS/src/heap_4.c"
Finished building: ../freeRTOS/src/heap_4.c
 
Building file: ../freeRTOS/src/list.c
Invoking: MCU C Compiler
arm-none-eabi-gcc -D__MULTICORE_NONE -DDEBUG -D__CODE_RED -DCORE_M4 -D__LPC43XX__ -D__NEWLIB__ -I"/home/pato/Embebidos/TpFinal/Workspaces/TpFinal/Webserver/Control/inc" -I"/home/pato/Embebidos/TpFinal/Workspaces/TpFinal/Webserver/lwIP/inc/ipv4" -I"/home/pato/Embebidos/TpFinal/Workspaces/TpFinal/Webserver/freeRTOS/inc" -I"/home/pato/Embebidos/TpFinal/Workspaces/TpFinal/Webserver/HAL/Board/inc" -I"/home/pato/Embebidos/TpFinal/Workspaces/TpFinal/Webserver/HAL/Chip/inc" -I"/home/pato/Embebidos/TpFinal/Workspaces/TpFinal/Webserver/HAL/Chip/inc/usbd" -I"/home/pato/Embebidos/TpFinal/Workspaces/TpFinal/Webserver/lwIP/inc" -I/usr/local/lpcxpresso_8.0.0_526/lpcxpresso/tools/arm-none-eabi/include -O0 -g3 -Wall -c -fmessage-length=0 -fno-builtin -ffunction-sections -fdata-sections -fsingle-precision-constant -mcpu=cortex-m4 -mfpu=fpv4-sp-d16 -mfloat-abi=softfp -mthumb -D__NEWLIB__ -MMD -MP -MF"freeRTOS/src/list.d" -MT"freeRTOS/src/list.o" -MT"freeRTOS/src/list.d" -o "freeRTOS/src/list.o" "../freeRTOS/src/list.c"
Finished building: ../freeRTOS/src/list.c
 
Building file: ../freeRTOS/src/port.c
Invoking: MCU C Compiler
arm-none-eabi-gcc -D__MULTICORE_NONE -DDEBUG -D__CODE_RED -DCORE_M4 -D__LPC43XX__ -D__NEWLIB__ -I"/home/pato/Embebidos/TpFinal/Workspaces/TpFinal/Webserver/Control/inc" -I"/home/pato/Embebidos/TpFinal/Workspaces/TpFinal/Webserver/lwIP/inc/ipv4" -I"/home/pato/Embebidos/TpFinal/Workspaces/TpFinal/Webserver/freeRTOS/inc" -I"/home/pato/Embebidos/TpFinal/Workspaces/TpFinal/Webserver/HAL/Board/inc" -I"/home/pato/Embebidos/TpFinal/Workspaces/TpFinal/Webserver/HAL/Chip/inc" -I"/home/pato/Embebidos/TpFinal/Workspaces/TpFinal/Webserver/HAL/Chip/inc/usbd" -I"/home/pato/Embebidos/TpFinal/Workspaces/TpFinal/Webserver/lwIP/inc" -I/usr/local/lpcxpresso_8.0.0_526/lpcxpresso/tools/arm-none-eabi/include -O0 -g3 -Wall -c -fmessage-length=0 -fno-builtin -ffunction-sections -fdata-sections -fsingle-precision-constant -mcpu=cortex-m4 -mfpu=fpv4-sp-d16 -mfloat-abi=softfp -mthumb -D__NEWLIB__ -MMD -MP -MF"freeRTOS/src/port.d" -MT"freeRTOS/src/port.o" -MT"freeRTOS/src/port.d" -o "freeRTOS/src/port.o" "../freeRTOS/src/port.c"
Finished building: ../freeRTOS/src/port.c
 
Building file: ../freeRTOS/src/queue.c
Invoking: MCU C Compiler
arm-none-eabi-gcc -D__MULTICORE_NONE -DDEBUG -D__CODE_RED -DCORE_M4 -D__LPC43XX__ -D__NEWLIB__ -I"/home/pato/Embebidos/TpFinal/Workspaces/TpFinal/Webserver/Control/inc" -I"/home/pato/Embebidos/TpFinal/Workspaces/TpFinal/Webserver/lwIP/inc/ipv4" -I"/home/pato/Embebidos/TpFinal/Workspaces/TpFinal/Webserver/freeRTOS/inc" -I"/home/pato/Embebidos/TpFinal/Workspaces/TpFinal/Webserver/HAL/Board/inc" -I"/home/pato/Embebidos/TpFinal/Workspaces/TpFinal/Webserver/HAL/Chip/inc" -I"/home/pato/Embebidos/TpFinal/Workspaces/TpFinal/Webserver/HAL/Chip/inc/usbd" -I"/home/pato/Embebidos/TpFinal/Workspaces/TpFinal/Webserver/lwIP/inc" -I/usr/local/lpcxpresso_8.0.0_526/lpcxpresso/tools/arm-none-eabi/include -O0 -g3 -Wall -c -fmessage-length=0 -fno-builtin -ffunction-sections -fdata-sections -fsingle-precision-constant -mcpu=cortex-m4 -mfpu=fpv4-sp-d16 -mfloat-abi=softfp -mthumb -D__NEWLIB__ -MMD -MP -MF"freeRTOS/src/queue.d" -MT"freeRTOS/src/queue.o" -MT"freeRTOS/src/queue.d" -o "freeRTOS/src/queue.o" "../freeRTOS/src/queue.c"
Finished building: ../freeRTOS/src/queue.c
 
Building file: ../freeRTOS/src/tasks.c
Invoking: MCU C Compiler
arm-none-eabi-gcc -D__MULTICORE_NONE -DDEBUG -D__CODE_RED -DCORE_M4 -D__LPC43XX__ -D__NEWLIB__ -I"/home/pato/Embebidos/TpFinal/Workspaces/TpFinal/Webserver/Control/inc" -I"/home/pato/Embebidos/TpFinal/Workspaces/TpFinal/Webserver/lwIP/inc/ipv4" -I"/home/pato/Embebidos/TpFinal/Workspaces/TpFinal/Webserver/freeRTOS/inc" -I"/home/pato/Embebidos/TpFinal/Workspaces/TpFinal/Webserver/HAL/Board/inc" -I"/home/pato/Embebidos/TpFinal/Workspaces/TpFinal/Webserver/HAL/Chip/inc" -I"/home/pato/Embebidos/TpFinal/Workspaces/TpFinal/Webserver/HAL/Chip/inc/usbd" -I"/home/pato/Embebidos/TpFinal/Workspaces/TpFinal/Webserver/lwIP/inc" -I/usr/local/lpcxpresso_8.0.0_526/lpcxpresso/tools/arm-none-eabi/include -O0 -g3 -Wall -c -fmessage-length=0 -fno-builtin -ffunction-sections -fdata-sections -fsingle-precision-constant -mcpu=cortex-m4 -mfpu=fpv4-sp-d16 -mfloat-abi=softfp -mthumb -D__NEWLIB__ -MMD -MP -MF"freeRTOS/src/tasks.d" -MT"freeRTOS/src/tasks.o" -MT"freeRTOS/src/tasks.d" -o "freeRTOS/src/tasks.o" "../freeRTOS/src/tasks.c"
Finished building: ../freeRTOS/src/tasks.c
 
Building file: ../freeRTOS/src/timers.c
Invoking: MCU C Compiler
arm-none-eabi-gcc -D__MULTICORE_NONE -DDEBUG -D__CODE_RED -DCORE_M4 -D__LPC43XX__ -D__NEWLIB__ -I"/home/pato/Embebidos/TpFinal/Workspaces/TpFinal/Webserver/Control/inc" -I"/home/pato/Embebidos/TpFinal/Workspaces/TpFinal/Webserver/lwIP/inc/ipv4" -I"/home/pato/Embebidos/TpFinal/Workspaces/TpFinal/Webserver/freeRTOS/inc" -I"/home/pato/Embebidos/TpFinal/Workspaces/TpFinal/Webserver/HAL/Board/inc" -I"/home/pato/Embebidos/TpFinal/Workspaces/TpFinal/Webserver/HAL/Chip/inc" -I"/home/pato/Embebidos/TpFinal/Workspaces/TpFinal/Webserver/HAL/Chip/inc/usbd" -I"/home/pato/Embebidos/TpFinal/Workspaces/TpFinal/Webserver/lwIP/inc" -I/usr/local/lpcxpresso_8.0.0_526/lpcxpresso/tools/arm-none-eabi/include -O0 -g3 -Wall -c -fmessage-length=0 -fno-builtin -ffunction-sections -fdata-sections -fsingle-precision-constant -mcpu=cortex-m4 -mfpu=fpv4-sp-d16 -mfloat-abi=softfp -mthumb -D__NEWLIB__ -MMD -MP -MF"freeRTOS/src/timers.d" -MT"freeRTOS/src/timers.o" -MT"freeRTOS/src/timers.d" -o "freeRTOS/src/timers.o" "../freeRTOS/src/timers.c"
Finished building: ../freeRTOS/src/timers.c
 
Building file: ../HAL/Board/src/board.c
Invoking: MCU C Compiler
arm-none-eabi-gcc -D__MULTICORE_NONE -DDEBUG -D__CODE_RED -DCORE_M4 -D__LPC43XX__ -D__NEWLIB__ -I"/home/pato/Embebidos/TpFinal/Workspaces/TpFinal/Webserver/Control/inc" -I"/home/pato/Embebidos/TpFinal/Workspaces/TpFinal/Webserver/lwIP/inc/ipv4" -I"/home/pato/Embebidos/TpFinal/Workspaces/TpFinal/Webserver/freeRTOS/inc" -I"/home/pato/Embebidos/TpFinal/Workspaces/TpFinal/Webserver/HAL/Board/inc" -I"/home/pato/Embebidos/TpFinal/Workspaces/TpFinal/Webserver/HAL/Chip/inc" -I"/home/pato/Embebidos/TpFinal/Workspaces/TpFinal/Webserver/HAL/Chip/inc/usbd" -I"/home/pato/Embebidos/TpFinal/Workspaces/TpFinal/Webserver/lwIP/inc" -I/usr/local/lpcxpresso_8.0.0_526/lpcxpresso/tools/arm-none-eabi/include -O0 -g3 -Wall -c -fmessage-length=0 -fno-builtin -ffunction-sections -fdata-sections -fsingle-precision-constant -mcpu=cortex-m4 -mfpu=fpv4-sp-d16 -mfloat-abi=softfp -mthumb -D__NEWLIB__ -MMD -MP -MF"HAL/Board/src/board.d" -MT"HAL/Board/src/board.o" -MT"HAL/Board/src/board.d" -o "HAL/Board/src/board.o" "../HAL/Board/src/board.c"
../HAL/Board/src/board.c:115:13: warning: 'Board_LED_Init' defined but not used [-Wunused-function]
 static void Board_LED_Init()
             ^
Finished building: ../HAL/Board/src/board.c
 
Building file: ../HAL/Board/src/board_sysinit.c
Invoking: MCU C Compiler
arm-none-eabi-gcc -D__MULTICORE_NONE -DDEBUG -D__CODE_RED -DCORE_M4 -D__LPC43XX__ -D__NEWLIB__ -I"/home/pato/Embebidos/TpFinal/Workspaces/TpFinal/Webserver/Control/inc" -I"/home/pato/Embebidos/TpFinal/Workspaces/TpFinal/Webserver/lwIP/inc/ipv4" -I"/home/pato/Embebidos/TpFinal/Workspaces/TpFinal/Webserver/freeRTOS/inc" -I"/home/pato/Embebidos/TpFinal/Workspaces/TpFinal/Webserver/HAL/Board/inc" -I"/home/pato/Embebidos/TpFinal/Workspaces/TpFinal/Webserver/HAL/Chip/inc" -I"/home/pato/Embebidos/TpFinal/Workspaces/TpFinal/Webserver/HAL/Chip/inc/usbd" -I"/home/pato/Embebidos/TpFinal/Workspaces/TpFinal/Webserver/lwIP/inc" -I/usr/local/lpcxpresso_8.0.0_526/lpcxpresso/tools/arm-none-eabi/include -O0 -g3 -Wall -c -fmessage-length=0 -fno-builtin -ffunction-sections -fdata-sections -fsingle-precision-constant -mcpu=cortex-m4 -mfpu=fpv4-sp-d16 -mfloat-abi=softfp -mthumb -D__NEWLIB__ -MMD -MP -MF"HAL/Board/src/board_sysinit.d" -MT"HAL/Board/src/board_sysinit.o" -MT"HAL/Board/src/board_sysinit.d" -o "HAL/Board/src/board_sysinit.o" "../HAL/Board/src/board_sysinit.c"
Finished building: ../HAL/Board/src/board_sysinit.c
 
Building file: ../HAL/Board/src/lpc_phy_smsc87x0.c
Invoking: MCU C Compiler
arm-none-eabi-gcc -D__MULTICORE_NONE -DDEBUG -D__CODE_RED -DCORE_M4 -D__LPC43XX__ -D__NEWLIB__ -I"/home/pato/Embebidos/TpFinal/Workspaces/TpFinal/Webserver/Control/inc" -I"/home/pato/Embebidos/TpFinal/Workspaces/TpFinal/Webserver/lwIP/inc/ipv4" -I"/home/pato/Embebidos/TpFinal/Workspaces/TpFinal/Webserver/freeRTOS/inc" -I"/home/pato/Embebidos/TpFinal/Workspaces/TpFinal/Webserver/HAL/Board/inc" -I"/home/pato/Embebidos/TpFinal/Workspaces/TpFinal/Webserver/HAL/Chip/inc" -I"/home/pato/Embebidos/TpFinal/Workspaces/TpFinal/Webserver/HAL/Chip/inc/usbd" -I"/home/pato/Embebidos/TpFinal/Workspaces/TpFinal/Webserver/lwIP/inc" -I/usr/local/lpcxpresso_8.0.0_526/lpcxpresso/tools/arm-none-eabi/include -O0 -g3 -Wall -c -fmessage-length=0 -fno-builtin -ffunction-sections -fdata-sections -fsingle-precision-constant -mcpu=cortex-m4 -mfpu=fpv4-sp-d16 -mfloat-abi=softfp -mthumb -D__NEWLIB__ -MMD -MP -MF"HAL/Board/src/lpc_phy_smsc87x0.d" -MT"HAL/Board/src/lpc_phy_smsc87x0.o" -MT"HAL/Board/src/lpc_phy_smsc87x0.d" -o "HAL/Board/src/lpc_phy_smsc87x0.o" "../HAL/Board/src/lpc_phy_smsc87x0.c"
Finished building: ../HAL/Board/src/lpc_phy_smsc87x0.c
 
Building file: ../HAL/Base/sysinit.c
Invoking: MCU C Compiler
arm-none-eabi-gcc -D__MULTICORE_NONE -DDEBUG -D__CODE_RED -DCORE_M4 -D__LPC43XX__ -D__NEWLIB__ -I"/home/pato/Embebidos/TpFinal/Workspaces/TpFinal/Webserver/Control/inc" -I"/home/pato/Embebidos/TpFinal/Workspaces/TpFinal/Webserver/lwIP/inc/ipv4" -I"/home/pato/Embebidos/TpFinal/Workspaces/TpFinal/Webserver/freeRTOS/inc" -I"/home/pato/Embebidos/TpFinal/Workspaces/TpFinal/Webserver/HAL/Board/inc" -I"/home/pato/Embebidos/TpFinal/Workspaces/TpFinal/Webserver/HAL/Chip/inc" -I"/home/pato/Embebidos/TpFinal/Workspaces/TpFinal/Webserver/HAL/Chip/inc/usbd" -I"/home/pato/Embebidos/TpFinal/Workspaces/TpFinal/Webserver/lwIP/inc" -I/usr/local/lpcxpresso_8.0.0_526/lpcxpresso/tools/arm-none-eabi/include -O0 -g3 -Wall -c -fmessage-length=0 -fno-builtin -ffunction-sections -fdata-sections -fsingle-precision-constant -mcpu=cortex-m4 -mfpu=fpv4-sp-d16 -mfloat-abi=softfp -mthumb -D__NEWLIB__ -MMD -MP -MF"HAL/Base/sysinit.d" -MT"HAL/Base/sysinit.o" -MT"HAL/Base/sysinit.d" -o "HAL/Base/sysinit.o" "../HAL/Base/sysinit.c"
Finished building: ../HAL/Base/sysinit.c
 
Building file: ../Control/src/lwip_tcpecho_freertos.c
Invoking: MCU C Compiler
arm-none-eabi-gcc -D__MULTICORE_NONE -DDEBUG -D__CODE_RED -DCORE_M4 -D__LPC43XX__ -D__NEWLIB__ -I"/home/pato/Embebidos/TpFinal/Workspaces/TpFinal/Webserver/Control/inc" -I"/home/pato/Embebidos/TpFinal/Workspaces/TpFinal/Webserver/lwIP/inc/ipv4" -I"/home/pato/Embebidos/TpFinal/Workspaces/TpFinal/Webserver/freeRTOS/inc" -I"/home/pato/Embebidos/TpFinal/Workspaces/TpFinal/Webserver/HAL/Board/inc" -I"/home/pato/Embebidos/TpFinal/Workspaces/TpFinal/Webserver/HAL/Chip/inc" -I"/home/pato/Embebidos/TpFinal/Workspaces/TpFinal/Webserver/HAL/Chip/inc/usbd" -I"/home/pato/Embebidos/TpFinal/Workspaces/TpFinal/Webserver/lwIP/inc" -I/usr/local/lpcxpresso_8.0.0_526/lpcxpresso/tools/arm-none-eabi/include -O0 -g3 -Wall -c -fmessage-length=0 -fno-builtin -ffunction-sections -fdata-sections -fsingle-precision-constant -mcpu=cortex-m4 -mfpu=fpv4-sp-d16 -mfloat-abi=softfp -mthumb -D__NEWLIB__ -MMD -MP -MF"Control/src/lwip_tcpecho_freertos.d" -MT"Control/src/lwip_tcpecho_freertos.o" -MT"Control/src/lwip_tcpecho_freertos.d" -o "Control/src/lwip_tcpecho_freertos.o" "../Control/src/lwip_tcpecho_freertos.c"
In file included from /home/pato/Embebidos/TpFinal/Workspaces/TpFinal/Webserver/lwIP/inc/arch/sys_arch.h:39:0,
                 from /home/pato/Embebidos/TpFinal/Workspaces/TpFinal/Webserver/lwIP/inc/lwip/sys.h:86,
                 from ../Control/src/lwip_tcpecho_freertos.c:34:
../Control/src/lwip_tcpecho_freertos.c: In function 'main':
/home/pato/Embebidos/TpFinal/Workspaces/TpFinal/Webserver/freeRTOS/inc/task.h:330:134: warning: pointer targets in passing argument 2 of 'xTaskGenericCreate' differ in signedness [-Wpointer-sign]
 #define xTaskCreate( pvTaskCode, pcName, usStackDepth, pvParameters, uxPriority, pxCreatedTask ) xTaskGenericCreate( ( pvTaskCode ), ( pcName ), ( usStackDepth ), ( pvParameters ), ( uxPriority ), ( pxCreatedTask ), ( NULL ), ( NULL ) )
                                                                                                                                      ^
../Control/src/lwip_tcpecho_freertos.c:244:2: note: in expansion of macro 'xTaskCreate'
  xTaskCreate(vSetupIFTask, (signed char *) "SetupIFx",
  ^
/home/pato/Embebidos/TpFinal/Workspaces/TpFinal/Webserver/freeRTOS/inc/task.h:1516:12: note: expected 'const char * const' but argument is of type 'signed char *'
 BaseType_t xTaskGenericCreate( TaskFunction_t pxTaskCode, const char * const pcName, const uint16_t usStackDepth, void * const pvParameters, UBaseType_t uxPriority, TaskHandle_t * const pxCreatedTask, StackType_t * const puxStackBuffer, const MemoryRegion_t * const xRegions ) PRIVILEGED_FUNCTION; /*lint !e971 Unqualified char types are allowed for strings and single characters only. */
            ^
Finished building: ../Control/src/lwip_tcpecho_freertos.c
 
Building file: ../Control/src/tcpecho.c
Invoking: MCU C Compiler
arm-none-eabi-gcc -D__MULTICORE_NONE -DDEBUG -D__CODE_RED -DCORE_M4 -D__LPC43XX__ -D__NEWLIB__ -I"/home/pato/Embebidos/TpFinal/Workspaces/TpFinal/Webserver/Control/inc" -I"/home/pato/Embebidos/TpFinal/Workspaces/TpFinal/Webserver/lwIP/inc/ipv4" -I"/home/pato/Embebidos/TpFinal/Workspaces/TpFinal/Webserver/freeRTOS/inc" -I"/home/pato/Embebidos/TpFinal/Workspaces/TpFinal/Webserver/HAL/Board/inc" -I"/home/pato/Embebidos/TpFinal/Workspaces/TpFinal/Webserver/HAL/Chip/inc" -I"/home/pato/Embebidos/TpFinal/Workspaces/TpFinal/Webserver/HAL/Chip/inc/usbd" -I"/home/pato/Embebidos/TpFinal/Workspaces/TpFinal/Webserver/lwIP/inc" -I/usr/local/lpcxpresso_8.0.0_526/lpcxpresso/tools/arm-none-eabi/include -O0 -g3 -Wall -c -fmessage-length=0 -fno-builtin -ffunction-sections -fdata-sections -fsingle-precision-constant -mcpu=cortex-m4 -mfpu=fpv4-sp-d16 -mfloat-abi=softfp -mthumb -D__NEWLIB__ -MMD -MP -MF"Control/src/tcpecho.d" -MT"Control/src/tcpecho.o" -MT"Control/src/tcpecho.d" -o "Control/src/tcpecho.o" "../Control/src/tcpecho.c"
Finished building: ../Control/src/tcpecho.c
 
Building target: Webserver.axf
Invoking: MCU Linker
arm-none-eabi-gcc -nostdlib -Xlinker -Map="Webserver.map" -Xlinker --gc-sections -mcpu=cortex-m4 -mfpu=fpv4-sp-d16 -mfloat-abi=softfp -mthumb -T "Webserver_Debug.ld" -o "Webserver.axf"  ./lwIP/src/netif/etharp.o ./lwIP/src/netif/ethernetif.o  ./lwIP/src/core/ipv4/autoip.o ./lwIP/src/core/ipv4/icmp.o ./lwIP/src/core/ipv4/igmp.o ./lwIP/src/core/ipv4/inet.o ./lwIP/src/core/ipv4/inet_chksum.o ./lwIP/src/core/ipv4/ip.o ./lwIP/src/core/ipv4/ip_addr.o ./lwIP/src/core/ipv4/ip_frag.o  ./lwIP/src/core/def.o ./lwIP/src/core/dhcp.o ./lwIP/src/core/dns.o ./lwIP/src/core/init.o ./lwIP/src/core/mem.o ./lwIP/src/core/memp.o ./lwIP/src/core/netif.o ./lwIP/src/core/pbuf.o ./lwIP/src/core/raw.o ./lwIP/src/core/stats.o ./lwIP/src/core/sys.o ./lwIP/src/core/tcp.o ./lwIP/src/core/tcp_in.o ./lwIP/src/core/tcp_out.o ./lwIP/src/core/timers.o ./lwIP/src/core/udp.o  ./lwIP/src/arch/lpc18xx_43xx_emac.o ./lwIP/src/arch/lpc_debug.o ./lwIP/src/arch/sys_arch_freertos.o  ./lwIP/src/api/api_lib.o ./lwIP/src/api/api_msg.o ./lwIP/src/api/err.o ./lwIP/src/api/netbuf.o ./lwIP/src/api/netdb.o ./lwIP/src/api/netifapi.o ./lwIP/src/api/sockets.o ./lwIP/src/api/tcpip.o  ./freeRTOS/src/FreeRTOSCommonHooks.o ./freeRTOS/src/croutine.o ./freeRTOS/src/event_groups.o ./freeRTOS/src/heap_4.o ./freeRTOS/src/list.o ./freeRTOS/src/port.o ./freeRTOS/src/queue.o ./freeRTOS/src/redlib_memfix.o ./freeRTOS/src/tasks.o ./freeRTOS/src/timers.o  ./HAL/Chip/src/adc_18xx_43xx.o ./HAL/Chip/src/aes_18xx_43xx.o ./HAL/Chip/src/atimer_18xx_43xx.o ./HAL/Chip/src/ccan_18xx_43xx.o ./HAL/Chip/src/chip_18xx_43xx.o ./HAL/Chip/src/clock_18xx_43xx.o ./HAL/Chip/src/dac_18xx_43xx.o ./HAL/Chip/src/eeprom_18xx_43xx.o ./HAL/Chip/src/emc_18xx_43xx.o ./HAL/Chip/src/enet_18xx_43xx.o ./HAL/Chip/src/evrt_18xx_43xx.o ./HAL/Chip/src/fpu_init.o ./HAL/Chip/src/gpdma_18xx_43xx.o ./HAL/Chip/src/gpio_18xx_43xx.o ./HAL/Chip/src/gpiogroup_18xx_43xx.o ./HAL/Chip/src/hsadc_18xx_43xx.o ./HAL/Chip/src/i2c_18xx_43xx.o ./HAL/Chip/src/i2cm_18xx_43xx.o ./HAL/Chip/src/i2s_18xx_43xx.o ./HAL/Chip/src/iap_18xx_43xx.o ./HAL/Chip/src/lcd_18xx_43xx.o ./HAL/Chip/src/otp_18xx_43xx.o ./HAL/Chip/src/pinint_18xx_43xx.o ./HAL/Chip/src/pmc_18xx_43xx.o ./HAL/Chip/src/ring_buffer.o ./HAL/Chip/src/ritimer_18xx_43xx.o ./HAL/Chip/src/rtc_18xx_43xx.o ./HAL/Chip/src/sct_18xx_43xx.o ./HAL/Chip/src/sct_pwm_18xx_43xx.o ./HAL/Chip/src/sdif_18xx_43xx.o ./HAL/Chip/src/sdio_18xx_43xx.o ./HAL/Chip/src/sdmmc_18xx_43xx.o ./HAL/Chip/src/spi_18xx_43xx.o ./HAL/Chip/src/ssp_18xx_43xx.o ./HAL/Chip/src/stopwatch_18xx_43xx.o ./HAL/Chip/src/sysinit_18xx_43xx.o ./HAL/Chip/src/timer_18xx_43xx.o ./HAL/Chip/src/uart_18xx_43xx.o ./HAL/Chip/src/wwdt_18xx_43xx.o  ./HAL/Board/src/board.o ./HAL/Board/src/board_sysinit.o ./HAL/Board/src/lpc_phy_smsc87x0.o  ./HAL/Base/cr_startup_lpc43xx.o ./HAL/Base/crp.o ./HAL/Base/sysinit.o  ./Control/src/cr_redlib_heap_fix.o ./Control/src/lwip_tcpecho_freertos.o ./Control/src/newlib_stubs.o ./Control/src/tcpecho.o   
Finished building target: Webserver.axf
 
make --no-print-directory post-build
Performing post-build steps
arm-none-eabi-size "Webserver.axf"; # arm-none-eabi-objcopy -v -O binary "Webserver.axf" "Webserver.bin" ; # checksum -p LPC4337 -d "Webserver.bin";
   text	   data	    bss	    dec	    hex	filename
  82872	  34996	   1496	 119364	  1d244	Webserver.axf
 
19:09:01 **** Incremental Build of configuration Debug for project Webserver ****
make -r all 
make: No se hace nada para all.
